{"total": {"lines":{"total":758,"covered":625,"skipped":0,"pct":82.45},"statements":{"total":840,"covered":677,"skipped":0,"pct":80.59},"functions":{"total":237,"covered":183,"skipped":0,"pct":77.21},"branches":{"total":648,"covered":468,"skipped":0,"pct":72.22},"branchesTrue":{"total":0,"covered":0,"skipped":0,"pct":100}}
,"F:\\cbt-toolkit\\cbt-toolkit-app\\src\\app\\settings\\index.tsx": {"lines":{"total":72,"covered":23,"skipped":0,"pct":31.94},"functions":{"total":23,"covered":5,"skipped":0,"pct":21.73},"statements":{"total":76,"covered":24,"skipped":0,"pct":31.57},"branches":{"total":30,"covered":8,"skipped":0,"pct":26.66}}
,"F:\\cbt-toolkit\\cbt-toolkit-app\\src\\core\\components\\EmotionPicker.tsx": {"lines":{"total":11,"covered":11,"skipped":0,"pct":100},"functions":{"total":6,"covered":6,"skipped":0,"pct":100},"statements":{"total":13,"covered":13,"skipped":0,"pct":100},"branches":{"total":6,"covered":6,"skipped":0,"pct":100}}
,"F:\\cbt-toolkit\\cbt-toolkit-app\\src\\core\\components\\IntensitySlider.tsx": {"lines":{"total":3,"covered":3,"skipped":0,"pct":100},"functions":{"total":1,"covered":1,"skipped":0,"pct":100},"statements":{"total":3,"covered":3,"skipped":0,"pct":100},"branches":{"total":4,"covered":3,"skipped":0,"pct":75}}
,"F:\\cbt-toolkit\\cbt-toolkit-app\\src\\core\\components\\SearchBar.tsx": {"lines":{"total":3,"covered":3,"skipped":0,"pct":100},"functions":{"total":1,"covered":1,"skipped":0,"pct":100},"statements":{"total":3,"covered":3,"skipped":0,"pct":100},"branches":{"total":1,"covered":0,"skipped":0,"pct":0}}
,"F:\\cbt-toolkit\\cbt-toolkit-app\\src\\core\\components\\StepHelper.tsx": {"lines":{"total":5,"covered":5,"skipped":0,"pct":100},"functions":{"total":3,"covered":3,"skipped":0,"pct":100},"statements":{"total":6,"covered":6,"skipped":0,"pct":100},"branches":{"total":8,"covered":8,"skipped":0,"pct":100}}
,"F:\\cbt-toolkit\\cbt-toolkit-app\\src\\core\\components\\StepProgress.tsx": {"lines":{"total":8,"covered":8,"skipped":0,"pct":100},"functions":{"total":2,"covered":2,"skipped":0,"pct":100},"statements":{"total":10,"covered":10,"skipped":0,"pct":100},"branches":{"total":4,"covered":4,"skipped":0,"pct":100}}
,"F:\\cbt-toolkit\\cbt-toolkit-app\\src\\core\\data\\export.ts": {"lines":{"total":8,"covered":8,"skipped":0,"pct":100},"functions":{"total":1,"covered":1,"skipped":0,"pct":100},"statements":{"total":8,"covered":8,"skipped":0,"pct":100},"branches":{"total":0,"covered":0,"skipped":0,"pct":100}}
,"F:\\cbt-toolkit\\cbt-toolkit-app\\src\\core\\data\\import.ts": {"lines":{"total":80,"covered":69,"skipped":0,"pct":86.25},"functions":{"total":3,"covered":3,"skipped":0,"pct":100},"statements":{"total":100,"covered":79,"skipped":0,"pct":79},"branches":{"total":153,"covered":93,"skipped":0,"pct":60.78}}
,"F:\\cbt-toolkit\\cbt-toolkit-app\\src\\core\\i18n\\pl.ts": {"lines":{"total":1,"covered":1,"skipped":0,"pct":100},"functions":{"total":0,"covered":0,"skipped":0,"pct":100},"statements":{"total":1,"covered":1,"skipped":0,"pct":100},"branches":{"total":0,"covered":0,"skipped":0,"pct":100}}
,"F:\\cbt-toolkit\\cbt-toolkit-app\\src\\core\\notifications\\permissions.ts": {"lines":{"total":2,"covered":2,"skipped":0,"pct":100},"functions":{"total":1,"covered":1,"skipped":0,"pct":100},"statements":{"total":2,"covered":2,"skipped":0,"pct":100},"branches":{"total":0,"covered":0,"skipped":0,"pct":100}}
,"F:\\cbt-toolkit\\cbt-toolkit-app\\src\\core\\notifications\\schedule.ts": {"lines":{"total":5,"covered":5,"skipped":0,"pct":100},"functions":{"total":2,"covered":2,"skipped":0,"pct":100},"statements":{"total":5,"covered":5,"skipped":0,"pct":100},"branches":{"total":0,"covered":0,"skipped":0,"pct":100}}
,"F:\\cbt-toolkit\\cbt-toolkit-app\\src\\core\\settings\\fontScale.ts": {"lines":{"total":2,"covered":2,"skipped":0,"pct":100},"functions":{"total":1,"covered":1,"skipped":0,"pct":100},"statements":{"total":2,"covered":2,"skipped":0,"pct":100},"branches":{"total":0,"covered":0,"skipped":0,"pct":100}}
,"F:\\cbt-toolkit\\cbt-toolkit-app\\src\\core\\settings\\store.ts": {"lines":{"total":10,"covered":10,"skipped":0,"pct":100},"functions":{"total":9,"covered":9,"skipped":0,"pct":100},"statements":{"total":10,"covered":10,"skipped":0,"pct":100},"branches":{"total":0,"covered":0,"skipped":0,"pct":100}}
,"F:\\cbt-toolkit\\cbt-toolkit-app\\src\\core\\theme\\index.ts": {"lines":{"total":6,"covered":6,"skipped":0,"pct":100},"functions":{"total":0,"covered":0,"skipped":0,"pct":100},"statements":{"total":6,"covered":6,"skipped":0,"pct":100},"branches":{"total":0,"covered":0,"skipped":0,"pct":100}}
,"F:\\cbt-toolkit\\cbt-toolkit-app\\src\\core\\theme\\useColors.ts": {"lines":{"total":2,"covered":2,"skipped":0,"pct":100},"functions":{"total":2,"covered":2,"skipped":0,"pct":100},"statements":{"total":3,"covered":3,"skipped":0,"pct":100},"branches":{"total":2,"covered":2,"skipped":0,"pct":100}}
,"F:\\cbt-toolkit\\cbt-toolkit-app\\src\\tools\\abc-model\\repository.ts": {"lines":{"total":28,"covered":28,"skipped":0,"pct":100},"functions":{"total":12,"covered":12,"skipped":0,"pct":100},"statements":{"total":28,"covered":28,"skipped":0,"pct":100},"branches":{"total":29,"covered":26,"skipped":0,"pct":89.65}}
,"F:\\cbt-toolkit\\cbt-toolkit-app\\src\\tools\\abc-model\\components\\AbcGraph.tsx": {"lines":{"total":25,"covered":25,"skipped":0,"pct":100},"functions":{"total":4,"covered":4,"skipped":0,"pct":100},"statements":{"total":26,"covered":26,"skipped":0,"pct":100},"branches":{"total":4,"covered":4,"skipped":0,"pct":100}}
,"F:\\cbt-toolkit\\cbt-toolkit-app\\src\\tools\\abc-model\\hooks\\useAbcEntries.ts": {"lines":{"total":20,"covered":20,"skipped":0,"pct":100},"functions":{"total":6,"covered":6,"skipped":0,"pct":100},"statements":{"total":23,"covered":23,"skipped":0,"pct":100},"branches":{"total":6,"covered":6,"skipped":0,"pct":100}}
,"F:\\cbt-toolkit\\cbt-toolkit-app\\src\\tools\\abc-model\\i18n\\pl.ts": {"lines":{"total":2,"covered":1,"skipped":0,"pct":50},"functions":{"total":1,"covered":0,"skipped":0,"pct":0},"statements":{"total":2,"covered":1,"skipped":0,"pct":50},"branches":{"total":0,"covered":0,"skipped":0,"pct":100}}
,"F:\\cbt-toolkit\\cbt-toolkit-app\\src\\tools\\abc-model\\screens\\NewAbcFlow.tsx": {"lines":{"total":47,"covered":47,"skipped":0,"pct":100},"functions":{"total":15,"covered":15,"skipped":0,"pct":100},"statements":{"total":52,"covered":49,"skipped":0,"pct":94.23},"branches":{"total":24,"covered":16,"skipped":0,"pct":66.66}}
,"F:\\cbt-toolkit\\cbt-toolkit-app\\src\\tools\\behavioral-experiment\\repository.ts": {"lines":{"total":31,"covered":31,"skipped":0,"pct":100},"functions":{"total":9,"covered":9,"skipped":0,"pct":100},"statements":{"total":32,"covered":32,"skipped":0,"pct":100},"branches":{"total":58,"covered":45,"skipped":0,"pct":77.58}}
,"F:\\cbt-toolkit\\cbt-toolkit-app\\src\\tools\\behavioral-experiment\\hooks\\useBehavioralExperiments.ts": {"lines":{"total":18,"covered":18,"skipped":0,"pct":100},"functions":{"total":5,"covered":5,"skipped":0,"pct":100},"statements":{"total":21,"covered":21,"skipped":0,"pct":100},"branches":{"total":6,"covered":6,"skipped":0,"pct":100}}
,"F:\\cbt-toolkit\\cbt-toolkit-app\\src\\tools\\behavioral-experiment\\i18n\\pl.ts": {"lines":{"total":2,"covered":2,"skipped":0,"pct":100},"functions":{"total":1,"covered":1,"skipped":0,"pct":100},"statements":{"total":2,"covered":2,"skipped":0,"pct":100},"branches":{"total":0,"covered":0,"skipped":0,"pct":100}}
,"F:\\cbt-toolkit\\cbt-toolkit-app\\src\\tools\\behavioral-experiment\\screens\\ExperimentListScreen.tsx": {"lines":{"total":29,"covered":29,"skipped":0,"pct":100},"functions":{"total":11,"covered":11,"skipped":0,"pct":100},"statements":{"total":33,"covered":32,"skipped":0,"pct":96.96},"branches":{"total":24,"covered":21,"skipped":0,"pct":87.5}}
,"F:\\cbt-toolkit\\cbt-toolkit-app\\src\\tools\\behavioral-experiment\\screens\\NewExperimentFlow.tsx": {"lines":{"total":110,"covered":97,"skipped":0,"pct":88.18},"functions":{"total":31,"covered":22,"skipped":0,"pct":70.96},"statements":{"total":124,"covered":108,"skipped":0,"pct":87.09},"branches":{"total":94,"covered":85,"skipped":0,"pct":90.42}}
,"F:\\cbt-toolkit\\cbt-toolkit-app\\src\\tools\\thought-record\\repository.ts": {"lines":{"total":23,"covered":23,"skipped":0,"pct":100},"functions":{"total":8,"covered":8,"skipped":0,"pct":100},"statements":{"total":23,"covered":23,"skipped":0,"pct":100},"branches":{"total":42,"covered":39,"skipped":0,"pct":92.85}}
,"F:\\cbt-toolkit\\cbt-toolkit-app\\src\\tools\\thought-record\\components\\TextStep.tsx": {"lines":{"total":3,"covered":3,"skipped":0,"pct":100},"functions":{"total":1,"covered":1,"skipped":0,"pct":100},"statements":{"total":3,"covered":3,"skipped":0,"pct":100},"branches":{"total":3,"covered":1,"skipped":0,"pct":33.33}}
,"F:\\cbt-toolkit\\cbt-toolkit-app\\src\\tools\\thought-record\\hooks\\useThoughtRecords.ts": {"lines":{"total":18,"covered":18,"skipped":0,"pct":100},"functions":{"total":5,"covered":5,"skipped":0,"pct":100},"statements":{"total":21,"covered":21,"skipped":0,"pct":100},"branches":{"total":6,"covered":6,"skipped":0,"pct":100}}
,"F:\\cbt-toolkit\\cbt-toolkit-app\\src\\tools\\thought-record\\i18n\\pl.ts": {"lines":{"total":2,"covered":2,"skipped":0,"pct":100},"functions":{"total":1,"covered":1,"skipped":0,"pct":100},"statements":{"total":2,"covered":2,"skipped":0,"pct":100},"branches":{"total":0,"covered":0,"skipped":0,"pct":100}}
,"F:\\cbt-toolkit\\cbt-toolkit-app\\src\\tools\\thought-record\\screens\\CompareScreen.tsx": {"lines":{"total":30,"covered":28,"skipped":0,"pct":93.33},"functions":{"total":12,"covered":12,"skipped":0,"pct":100},"statements":{"total":32,"covered":30,"skipped":0,"pct":93.75},"branches":{"total":28,"covered":24,"skipped":0,"pct":85.71}}
,"F:\\cbt-toolkit\\cbt-toolkit-app\\src\\tools\\thought-record\\screens\\NewRecordFlow.tsx": {"lines":{"total":90,"covered":34,"skipped":0,"pct":37.77},"functions":{"total":36,"covered":10,"skipped":0,"pct":27.77},"statements":{"total":101,"covered":36,"skipped":0,"pct":35.64},"branches":{"total":64,"covered":18,"skipped":0,"pct":28.12}}
,"F:\\cbt-toolkit\\cbt-toolkit-app\\src\\tools\\thought-record\\screens\\RecordDetailScreen.tsx": {"lines":{"total":26,"covered":25,"skipped":0,"pct":96.15},"functions":{"total":10,"covered":10,"skipped":0,"pct":100},"statements":{"total":26,"covered":25,"skipped":0,"pct":96.15},"branches":{"total":26,"covered":26,"skipped":0,"pct":100}}
,"F:\\cbt-toolkit\\cbt-toolkit-app\\src\\tools\\thought-record\\screens\\RecordListScreen.tsx": {"lines":{"total":36,"covered":36,"skipped":0,"pct":100},"functions":{"total":14,"covered":14,"skipped":0,"pct":100},"statements":{"total":41,"covered":40,"skipped":0,"pct":97.56},"branches":{"total":26,"covered":21,"skipped":0,"pct":80.76}}
}
