{"F:\\cbt-toolkit\\cbt-toolkit-app\\src\\app\\settings\\index.tsx": {"path":"F:\\cbt-toolkit\\cbt-toolkit-app\\src\\app\\settings\\index.tsx","statementMap":{"0":{"start":{"line":32,"column":24},"end":{"line":32,"column":74}},"1":{"start":{"line":33,"column":22},"end":{"line":33,"column":70}},"2":{"start":{"line":36,"column":13},"end":{"line":36,"column":31}},"3":{"start":{"line":37,"column":17},"end":{"line":37,"column":28}},"4":{"start":{"line":38,"column":17},"end":{"line":38,"column":28}},"5":{"start":{"line":50,"column":6},"end":{"line":50,"column":19}},"6":{"start":{"line":52,"column":46},"end":{"line":52,"column":61}},"7":{"start":{"line":53,"column":34},"end":{"line":53,"column":56}},"8":{"start":{"line":55,"column":23},"end":{"line":60,"column":20}},"9":{"start":{"line":56,"column":19},"end":{"line":56,"column":54}},"10":{"start":{"line":57,"column":14},"end":{"line":57,"column":24}},"11":{"start":{"line":58,"column":4},"end":{"line":58,"column":27}},"12":{"start":{"line":59,"column":4},"end":{"line":59,"column":13}},"13":{"start":{"line":62,"column":19},"end":{"line":67,"column":16}},"14":{"start":{"line":63,"column":19},"end":{"line":63,"column":50}},"15":{"start":{"line":64,"column":14},"end":{"line":64,"column":24}},"16":{"start":{"line":65,"column":4},"end":{"line":65,"column":27}},"17":{"start":{"line":66,"column":4},"end":{"line":66,"column":13}},"18":{"start":{"line":69,"column":13},"end":{"line":69,"column":57}},"19":{"start":{"line":69,"column":31},"end":{"line":69,"column":57}},"20":{"start":{"line":72,"column":4},"end":{"line":89,"column":5}},"21":{"start":{"line":73,"column":22},"end":{"line":73,"column":48}},"22":{"start":{"line":74,"column":6},"end":{"line":83,"column":7}},"23":{"start":{"line":75,"column":8},"end":{"line":81,"column":11}},"24":{"start":{"line":79,"column":27},"end":{"line":79,"column":49}},"25":{"start":{"line":82,"column":8},"end":{"line":82,"column":15}},"26":{"start":{"line":84,"column":6},"end":{"line":84,"column":43}},"27":{"start":{"line":85,"column":6},"end":{"line":85,"column":31}},"28":{"start":{"line":87,"column":6},"end":{"line":87,"column":29}},"29":{"start":{"line":88,"column":6},"end":{"line":88,"column":32}},"30":{"start":{"line":93,"column":4},"end":{"line":93,"column":22}},"31":{"start":{"line":93,"column":15},"end":{"line":93,"column":22}},"32":{"start":{"line":94,"column":14},"end":{"line":94,"column":54}},"33":{"start":{"line":95,"column":14},"end":{"line":95,"column":56}},"34":{"start":{"line":96,"column":4},"end":{"line":107,"column":5}},"35":{"start":{"line":98,"column":6},"end":{"line":98,"column":31}},"36":{"start":{"line":99,"column":22},"end":{"line":99,"column":33}},"37":{"start":{"line":100,"column":6},"end":{"line":100,"column":31}},"38":{"start":{"line":101,"column":6},"end":{"line":103,"column":7}},"39":{"start":{"line":102,"column":8},"end":{"line":102,"column":63}},"40":{"start":{"line":102,"column":36},"end":{"line":102,"column":61}},"41":{"start":{"line":106,"column":6},"end":{"line":106,"column":31}},"42":{"start":{"line":111,"column":4},"end":{"line":111,"column":29}},"43":{"start":{"line":112,"column":4},"end":{"line":112,"column":30}},"44":{"start":{"line":113,"column":4},"end":{"line":116,"column":5}},"45":{"start":{"line":114,"column":6},"end":{"line":114,"column":29}},"46":{"start":{"line":115,"column":6},"end":{"line":115,"column":39}},"47":{"start":{"line":120,"column":4},"end":{"line":124,"column":5}},"48":{"start":{"line":121,"column":6},"end":{"line":121,"column":27}},"49":{"start":{"line":123,"column":6},"end":{"line":123,"column":65}},"50":{"start":{"line":128,"column":4},"end":{"line":136,"column":5}},"51":{"start":{"line":129,"column":21},"end":{"line":129,"column":88}},"52":{"start":{"line":130,"column":6},"end":{"line":130,"column":57}},"53":{"start":{"line":130,"column":50},"end":{"line":130,"column":57}},"54":{"start":{"line":131,"column":36},"end":{"line":131,"column":78}},"55":{"start":{"line":132,"column":6},"end":{"line":132,"column":79}},"56":{"start":{"line":134,"column":18},"end":{"line":134,"column":79}},"57":{"start":{"line":135,"column":6},"end":{"line":135,"column":39}},"58":{"start":{"line":140,"column":4},"end":{"line":151,"column":7}},"59":{"start":{"line":146,"column":10},"end":{"line":146,"column":48}},"60":{"start":{"line":147,"column":10},"end":{"line":147,"column":45}},"61":{"start":{"line":148,"column":10},"end":{"line":148,"column":68}},"62":{"start":{"line":154,"column":12},"end":{"line":208,"column":4}},"63":{"start":{"line":210,"column":80},"end":{"line":214,"column":3}},"64":{"start":{"line":216,"column":2},"end":{"line":460,"column":4}},"65":{"start":{"line":243,"column":14},"end":{"line":243,"column":40}},"66":{"start":{"line":244,"column":14},"end":{"line":244,"column":38}},"67":{"start":{"line":267,"column":14},"end":{"line":281,"column":33}},"68":{"start":{"line":270,"column":31},"end":{"line":270,"column":47}},"69":{"start":{"line":343,"column":55},"end":{"line":343,"column":84}},"70":{"start":{"line":352,"column":25},"end":{"line":352,"column":54}},"71":{"start":{"line":362,"column":25},"end":{"line":362,"column":70}},"72":{"start":{"line":383,"column":25},"end":{"line":383,"column":57}},"73":{"start":{"line":392,"column":25},"end":{"line":392,"column":62}},"74":{"start":{"line":401,"column":25},"end":{"line":401,"column":57}},"75":{"start":{"line":411,"column":25},"end":{"line":411,"column":55}}},"fnMap":{"0":{"name":"SettingsScreen","decl":{"start":{"line":35,"column":24},"end":{"line":35,"column":38}},"loc":{"start":{"line":35,"column":41},"end":{"line":461,"column":1}},"line":35},"1":{"name":"(anonymous_1)","decl":{"start":{"line":55,"column":31},"end":{"line":55,"column":32}},"loc":{"start":{"line":55,"column":37},"end":{"line":60,"column":3}},"line":55},"2":{"name":"(anonymous_2)","decl":{"start":{"line":62,"column":27},"end":{"line":62,"column":28}},"loc":{"start":{"line":62,"column":33},"end":{"line":67,"column":3}},"line":62},"3":{"name":"(anonymous_3)","decl":{"start":{"line":69,"column":13},"end":{"line":69,"column":14}},"loc":{"start":{"line":69,"column":31},"end":{"line":69,"column":57}},"line":69},"4":{"name":"handleToggleReminder","decl":{"start":{"line":71,"column":17},"end":{"line":71,"column":37}},"loc":{"start":{"line":71,"column":54},"end":{"line":90,"column":3}},"line":71},"5":{"name":"(anonymous_5)","decl":{"start":{"line":79,"column":21},"end":{"line":79,"column":22}},"loc":{"start":{"line":79,"column":27},"end":{"line":79,"column":49}},"line":79},"6":{"name":"handlePickerChange","decl":{"start":{"line":92,"column":11},"end":{"line":92,"column":29}},"loc":{"start":{"line":92,"column":60},"end":{"line":108,"column":3}},"line":92},"7":{"name":"(anonymous_7)","decl":{"start":{"line":102,"column":30},"end":{"line":102,"column":31}},"loc":{"start":{"line":102,"column":36},"end":{"line":102,"column":61}},"line":102},"8":{"name":"commitTimeChange","decl":{"start":{"line":110,"column":17},"end":{"line":110,"column":33}},"loc":{"start":{"line":110,"column":36},"end":{"line":117,"column":3}},"line":110},"9":{"name":"handleExport","decl":{"start":{"line":119,"column":17},"end":{"line":119,"column":29}},"loc":{"start":{"line":119,"column":32},"end":{"line":125,"column":3}},"line":119},"10":{"name":"handleImport","decl":{"start":{"line":127,"column":17},"end":{"line":127,"column":29}},"loc":{"start":{"line":127,"column":32},"end":{"line":137,"column":3}},"line":127},"11":{"name":"handleDeleteAll","decl":{"start":{"line":139,"column":11},"end":{"line":139,"column":26}},"loc":{"start":{"line":139,"column":29},"end":{"line":152,"column":3}},"line":139},"12":{"name":"(anonymous_12)","decl":{"start":{"line":145,"column":17},"end":{"line":145,"column":18}},"loc":{"start":{"line":145,"column":29},"end":{"line":149,"column":9}},"line":145},"13":{"name":"(anonymous_13)","decl":{"start":{"line":242,"column":21},"end":{"line":242,"column":22}},"loc":{"start":{"line":242,"column":27},"end":{"line":245,"column":13}},"line":242},"14":{"name":"(anonymous_14)","decl":{"start":{"line":266,"column":27},"end":{"line":266,"column":28}},"loc":{"start":{"line":267,"column":14},"end":{"line":281,"column":33}},"line":267},"15":{"name":"(anonymous_15)","decl":{"start":{"line":270,"column":25},"end":{"line":270,"column":26}},"loc":{"start":{"line":270,"column":31},"end":{"line":270,"column":47}},"line":270},"16":{"name":"(anonymous_16)","decl":{"start":{"line":343,"column":49},"end":{"line":343,"column":50}},"loc":{"start":{"line":343,"column":55},"end":{"line":343,"column":84}},"line":343},"17":{"name":"(anonymous_17)","decl":{"start":{"line":352,"column":19},"end":{"line":352,"column":20}},"loc":{"start":{"line":352,"column":25},"end":{"line":352,"column":54}},"line":352},"18":{"name":"(anonymous_18)","decl":{"start":{"line":362,"column":19},"end":{"line":362,"column":20}},"loc":{"start":{"line":362,"column":25},"end":{"line":362,"column":70}},"line":362},"19":{"name":"(anonymous_19)","decl":{"start":{"line":383,"column":19},"end":{"line":383,"column":20}},"loc":{"start":{"line":383,"column":25},"end":{"line":383,"column":57}},"line":383},"20":{"name":"(anonymous_20)","decl":{"start":{"line":392,"column":19},"end":{"line":392,"column":20}},"loc":{"start":{"line":392,"column":25},"end":{"line":392,"column":62}},"line":392},"21":{"name":"(anonymous_21)","decl":{"start":{"line":401,"column":19},"end":{"line":401,"column":20}},"loc":{"start":{"line":401,"column":25},"end":{"line":401,"column":57}},"line":401},"22":{"name":"(anonymous_22)","decl":{"start":{"line":411,"column":19},"end":{"line":411,"column":20}},"loc":{"start":{"line":411,"column":25},"end":{"line":411,"column":55}},"line":411}},"branchMap":{"0":{"loc":{"start":{"line":72,"column":4},"end":{"line":89,"column":5}},"type":"if","locations":[{"start":{"line":72,"column":4},"end":{"line":89,"column":5}},{"start":{"line":86,"column":11},"end":{"line":89,"column":5}}],"line":72},"1":{"loc":{"start":{"line":74,"column":6},"end":{"line":83,"column":7}},"type":"if","locations":[{"start":{"line":74,"column":6},"end":{"line":83,"column":7}},{"start":{},"end":{}}],"line":74},"2":{"loc":{"start":{"line":93,"column":4},"end":{"line":93,"column":22}},"type":"if","locations":[{"start":{"line":93,"column":4},"end":{"line":93,"column":22}},{"start":{},"end":{}}],"line":93},"3":{"loc":{"start":{"line":96,"column":4},"end":{"line":107,"column":5}},"type":"if","locations":[{"start":{"line":96,"column":4},"end":{"line":107,"column":5}},{"start":{"line":104,"column":11},"end":{"line":107,"column":5}}],"line":96},"4":{"loc":{"start":{"line":101,"column":6},"end":{"line":103,"column":7}},"type":"if","locations":[{"start":{"line":101,"column":6},"end":{"line":103,"column":7}},{"start":{},"end":{}}],"line":101},"5":{"loc":{"start":{"line":113,"column":4},"end":{"line":116,"column":5}},"type":"if","locations":[{"start":{"line":113,"column":4},"end":{"line":116,"column":5}},{"start":{},"end":{}}],"line":113},"6":{"loc":{"start":{"line":130,"column":6},"end":{"line":130,"column":57}},"type":"if","locations":[{"start":{"line":130,"column":6},"end":{"line":130,"column":57}},{"start":{},"end":{}}],"line":130},"7":{"loc":{"start":{"line":130,"column":10},"end":{"line":130,"column":48}},"type":"binary-expr","locations":[{"start":{"line":130,"column":10},"end":{"line":130,"column":25}},{"start":{"line":130,"column":29},"end":{"line":130,"column":48}}],"line":130},"8":{"loc":{"start":{"line":134,"column":18},"end":{"line":134,"column":79}},"type":"cond-expr","locations":[{"start":{"line":134,"column":39},"end":{"line":134,"column":48}},{"start":{"line":134,"column":51},"end":{"line":134,"column":79}}],"line":134},"9":{"loc":{"start":{"line":239,"column":9},"end":{"line":253,"column":9}},"type":"binary-expr","locations":[{"start":{"line":239,"column":9},"end":{"line":239,"column":24}},{"start":{"line":240,"column":10},"end":{"line":252,"column":29}}],"line":239},"10":{"loc":{"start":{"line":269,"column":38},"end":{"line":269,"column":76}},"type":"binary-expr","locations":[{"start":{"line":269,"column":38},"end":{"line":269,"column":54}},{"start":{"line":269,"column":58},"end":{"line":269,"column":76}}],"line":269},"11":{"loc":{"start":{"line":276,"column":20},"end":{"line":276,"column":62}},"type":"binary-expr","locations":[{"start":{"line":276,"column":20},"end":{"line":276,"column":36}},{"start":{"line":276,"column":40},"end":{"line":276,"column":62}}],"line":276},"12":{"loc":{"start":{"line":379,"column":39},"end":{"line":379,"column":75}},"type":"binary-expr","locations":[{"start":{"line":379,"column":39},"end":{"line":379,"column":68}},{"start":{"line":379,"column":72},"end":{"line":379,"column":75}}],"line":379},"13":{"loc":{"start":{"line":421,"column":7},"end":{"line":458,"column":7}},"type":"cond-expr","locations":[{"start":{"line":422,"column":8},"end":{"line":448,"column":16}},{"start":{"line":450,"column":8},"end":{"line":457,"column":9}}],"line":421},"14":{"loc":{"start":{"line":450,"column":8},"end":{"line":457,"column":9}},"type":"binary-expr","locations":[{"start":{"line":450,"column":8},"end":{"line":450,"column":22}},{"start":{"line":451,"column":10},"end":{"line":456,"column":12}}],"line":450}},"s":{"0":1,"1":1,"2":3,"3":3,"4":3,"5":3,"6":3,"7":3,"8":3,"9":3,"10":3,"11":3,"12":3,"13":3,"14":3,"15":3,"16":3,"17":3,"18":3,"19":27,"20":0,"21":0,"22":0,"23":0,"24":0,"25":0,"26":0,"27":0,"28":0,"29":0,"30":0,"31":0,"32":0,"33":0,"34":0,"35":0,"36":0,"37":0,"38":0,"39":0,"40":0,"41":0,"42":0,"43":0,"44":0,"45":0,"46":0,"47":0,"48":0,"49":0,"50":0,"51":0,"52":0,"53":0,"54":0,"55":0,"56":0,"57":0,"58":0,"59":0,"60":0,"61":0,"62":3,"63":3,"64":3,"65":0,"66":0,"67":9,"68":0,"69":0,"70":0,"71":0,"72":0,"73":0,"74":0,"75":0},"f":{"0":3,"1":3,"2":3,"3":27,"4":0,"5":0,"6":0,"7":0,"8":0,"9":0,"10":0,"11":0,"12":0,"13":0,"14":9,"15":0,"16":0,"17":0,"18":0,"19":0,"20":0,"21":0,"22":0},"b":{"0":[0,0],"1":[0,0],"2":[0,0],"3":[0,0],"4":[0,0],"5":[0,0],"6":[0,0],"7":[0,0],"8":[0,0],"9":[3,0],"10":[9,3],"11":[9,3],"12":[3,3],"13":[3,0],"14":[0,0]},"_coverageSchema":"1a1c01bbd47fc00a2c39e90264f33305004495a9","hash":"5c6133531fe640a5666e7c6fd568e75f287aabc4"}
,"F:\\cbt-toolkit\\cbt-toolkit-app\\src\\core\\components\\EmotionPicker.tsx": {"path":"F:\\cbt-toolkit\\cbt-toolkit-app\\src\\core\\components\\EmotionPicker.tsx","statementMap":{"0":{"start":{"line":7,"column":35},"end":{"line":28,"column":10}},"1":{"start":{"line":36,"column":17},"end":{"line":36,"column":28}},"2":{"start":{"line":37,"column":24},"end":{"line":37,"column":60}},"3":{"start":{"line":37,"column":52},"end":{"line":37,"column":58}},"4":{"start":{"line":40,"column":4},"end":{"line":44,"column":5}},"5":{"start":{"line":41,"column":6},"end":{"line":41,"column":57}},"6":{"start":{"line":41,"column":38},"end":{"line":41,"column":54}},"7":{"start":{"line":43,"column":6},"end":{"line":43,"column":68}},"8":{"start":{"line":47,"column":2},"end":{"line":67,"column":4}},"9":{"start":{"line":50,"column":27},"end":{"line":50,"column":54}},"10":{"start":{"line":51,"column":8},"end":{"line":64,"column":10}},"11":{"start":{"line":59,"column":27},"end":{"line":59,"column":43}},"12":{"start":{"line":70,"column":15},"end":{"line":95,"column":2}}},"fnMap":{"0":{"name":"EmotionPicker","decl":{"start":{"line":35,"column":16},"end":{"line":35,"column":29}},"loc":{"start":{"line":35,"column":61},"end":{"line":68,"column":1}},"line":35},"1":{"name":"(anonymous_1)","decl":{"start":{"line":37,"column":45},"end":{"line":37,"column":46}},"loc":{"start":{"line":37,"column":52},"end":{"line":37,"column":58}},"line":37},"2":{"name":"toggle","decl":{"start":{"line":39,"column":11},"end":{"line":39,"column":17}},"loc":{"start":{"line":39,"column":33},"end":{"line":45,"column":3}},"line":39},"3":{"name":"(anonymous_3)","decl":{"start":{"line":41,"column":31},"end":{"line":41,"column":32}},"loc":{"start":{"line":41,"column":38},"end":{"line":41,"column":54}},"line":41},"4":{"name":"(anonymous_4)","decl":{"start":{"line":49,"column":31},"end":{"line":49,"column":32}},"loc":{"start":{"line":49,"column":39},"end":{"line":65,"column":7}},"line":49},"5":{"name":"(anonymous_5)","decl":{"start":{"line":59,"column":21},"end":{"line":59,"column":22}},"loc":{"start":{"line":59,"column":27},"end":{"line":59,"column":43}},"line":59}},"branchMap":{"0":{"loc":{"start":{"line":40,"column":4},"end":{"line":44,"column":5}},"type":"if","locations":[{"start":{"line":40,"column":4},"end":{"line":44,"column":5}},{"start":{"line":42,"column":11},"end":{"line":44,"column":5}}],"line":40},"1":{"loc":{"start":{"line":57,"column":14},"end":{"line":57,"column":93}},"type":"binary-expr","locations":[{"start":{"line":57,"column":14},"end":{"line":57,"column":24}},{"start":{"line":57,"column":28},"end":{"line":57,"column":93}}],"line":57},"2":{"loc":{"start":{"line":62,"column":72},"end":{"line":62,"column":110}},"type":"binary-expr","locations":[{"start":{"line":62,"column":72},"end":{"line":62,"column":82}},{"start":{"line":62,"column":86},"end":{"line":62,"column":110}}],"line":62}},"s":{"0":2,"1":3,"2":3,"3":1,"4":2,"5":1,"6":1,"7":1,"8":3,"9":60,"10":60,"11":2,"12":2},"f":{"0":3,"1":1,"2":2,"3":1,"4":60,"5":2},"b":{"0":[1,1],"1":[60,1],"2":[60,1]},"_coverageSchema":"1a1c01bbd47fc00a2c39e90264f33305004495a9","hash":"e59656dc8148c916a95ce8697bfd4934d8a31892"}
,"F:\\cbt-toolkit\\cbt-toolkit-app\\src\\core\\components\\IntensitySlider.tsx": {"path":"F:\\cbt-toolkit\\cbt-toolkit-app\\src\\core\\components\\IntensitySlider.tsx","statementMap":{"0":{"start":{"line":15,"column":17},"end":{"line":15,"column":28}},"1":{"start":{"line":16,"column":2},"end":{"line":38,"column":4}},"2":{"start":{"line":41,"column":15},"end":{"line":64,"column":2}}},"fnMap":{"0":{"name":"IntensitySlider","decl":{"start":{"line":14,"column":16},"end":{"line":14,"column":31}},"loc":{"start":{"line":14,"column":77},"end":{"line":39,"column":1}},"line":14}},"branchMap":{"0":{"loc":{"start":{"line":19,"column":21},"end":{"line":19,"column":47}},"type":"cond-expr","locations":[{"start":{"line":19,"column":32},"end":{"line":19,"column":38}},{"start":{"line":19,"column":41},"end":{"line":19,"column":47}}],"line":19},"1":{"loc":{"start":{"line":22,"column":9},"end":{"line":22,"column":95}},"type":"cond-expr","locations":[{"start":{"line":22,"column":17},"end":{"line":22,"column":84}},{"start":{"line":22,"column":87},"end":{"line":22,"column":95}}],"line":22}},"s":{"0":26,"1":26,"2":3},"f":{"0":26},"b":{"0":[0,26],"1":[25,1]},"_coverageSchema":"1a1c01bbd47fc00a2c39e90264f33305004495a9","hash":"e5947e04c04184804b6fbb87419ab43e4da42a80"}
,"F:\\cbt-toolkit\\cbt-toolkit-app\\src\\core\\components\\SearchBar.tsx": {"path":"F:\\cbt-toolkit\\cbt-toolkit-app\\src\\core\\components\\SearchBar.tsx","statementMap":{"0":{"start":{"line":17,"column":17},"end":{"line":17,"column":28}},"1":{"start":{"line":18,"column":2},"end":{"line":34,"column":4}},"2":{"start":{"line":37,"column":15},"end":{"line":59,"column":2}}},"fnMap":{"0":{"name":"SearchBar","decl":{"start":{"line":12,"column":16},"end":{"line":12,"column":25}},"loc":{"start":{"line":16,"column":38},"end":{"line":35,"column":1}},"line":16}},"branchMap":{"0":{"loc":{"start":{"line":15,"column":2},"end":{"line":15,"column":27}},"type":"default-arg","locations":[{"start":{"line":15,"column":16},"end":{"line":15,"column":27}}],"line":15}},"s":{"0":30,"1":30,"2":4},"f":{"0":30},"b":{"0":[0]},"_coverageSchema":"1a1c01bbd47fc00a2c39e90264f33305004495a9","hash":"9ca054c5cc870edfb3190ce70783631f7f53868a"}
,"F:\\cbt-toolkit\\cbt-toolkit-app\\src\\core\\components\\StepHelper.tsx": {"path":"F:\\cbt-toolkit\\cbt-toolkit-app\\src\\core\\components\\StepHelper.tsx","statementMap":{"0":{"start":{"line":18,"column":17},"end":{"line":18,"column":28}},"1":{"start":{"line":19,"column":26},"end":{"line":19,"column":41}},"2":{"start":{"line":21,"column":2},"end":{"line":44,"column":4}},"3":{"start":{"line":31,"column":23},"end":{"line":31,"column":41}},"4":{"start":{"line":31,"column":38},"end":{"line":31,"column":40}},"5":{"start":{"line":47,"column":15},"end":{"line":64,"column":2}}},"fnMap":{"0":{"name":"StepHelper","decl":{"start":{"line":13,"column":16},"end":{"line":13,"column":26}},"loc":{"start":{"line":17,"column":39},"end":{"line":45,"column":1}},"line":17},"1":{"name":"(anonymous_1)","decl":{"start":{"line":31,"column":17},"end":{"line":31,"column":18}},"loc":{"start":{"line":31,"column":23},"end":{"line":31,"column":41}},"line":31},"2":{"name":"(anonymous_2)","decl":{"start":{"line":31,"column":31},"end":{"line":31,"column":32}},"loc":{"start":{"line":31,"column":38},"end":{"line":31,"column":40}},"line":31}},"branchMap":{"0":{"loc":{"start":{"line":15,"column":2},"end":{"line":15,"column":27}},"type":"default-arg","locations":[{"start":{"line":15,"column":16},"end":{"line":15,"column":27}}],"line":15},"1":{"loc":{"start":{"line":16,"column":2},"end":{"line":16,"column":27}},"type":"default-arg","locations":[{"start":{"line":16,"column":17},"end":{"line":16,"column":27}}],"line":16},"2":{"loc":{"start":{"line":23,"column":7},"end":{"line":28,"column":7}},"type":"binary-expr","locations":[{"start":{"line":23,"column":7},"end":{"line":23,"column":11}},{"start":{"line":24,"column":8},"end":{"line":27,"column":15}}],"line":23},"3":{"loc":{"start":{"line":30,"column":104},"end":{"line":30,"column":131}},"type":"binary-expr","locations":[{"start":{"line":30,"column":104},"end":{"line":30,"column":108}},{"start":{"line":30,"column":112},"end":{"line":30,"column":131}}],"line":30},"4":{"loc":{"start":{"line":37,"column":16},"end":{"line":37,"column":52}},"type":"cond-expr","locations":[{"start":{"line":37,"column":23},"end":{"line":37,"column":35}},{"start":{"line":37,"column":38},"end":{"line":37,"column":52}}],"line":37}},"s":{"0":103,"1":103,"2":103,"3":5,"4":5,"5":4},"f":{"0":103,"1":5,"2":5},"b":{"0":[86],"1":[86],"2":[103,4],"3":[103,4],"4":[4,99]},"_coverageSchema":"1a1c01bbd47fc00a2c39e90264f33305004495a9","hash":"c688573a64df54c17df02dbd379ec23804bbdb54"}
,"F:\\cbt-toolkit\\cbt-toolkit-app\\src\\core\\components\\StepProgress.tsx": {"path":"F:\\cbt-toolkit\\cbt-toolkit-app\\src\\core\\components\\StepProgress.tsx","statementMap":{"0":{"start":{"line":12,"column":17},"end":{"line":12,"column":28}},"1":{"start":{"line":13,"column":2},"end":{"line":23,"column":4}},"2":{"start":{"line":16,"column":24},"end":{"line":16,"column":29}},"3":{"start":{"line":17,"column":25},"end":{"line":17,"column":38}},"4":{"start":{"line":18,"column":8},"end":{"line":18,"column":65}},"5":{"start":{"line":18,"column":35},"end":{"line":18,"column":65}},"6":{"start":{"line":19,"column":8},"end":{"line":19,"column":56}},"7":{"start":{"line":19,"column":37},"end":{"line":19,"column":56}},"8":{"start":{"line":20,"column":8},"end":{"line":20,"column":78}},"9":{"start":{"line":26,"column":15},"end":{"line":29,"column":2}}},"fnMap":{"0":{"name":"StepProgress","decl":{"start":{"line":11,"column":16},"end":{"line":11,"column":28}},"loc":{"start":{"line":11,"column":65},"end":{"line":24,"column":1}},"line":11},"1":{"name":"(anonymous_1)","decl":{"start":{"line":15,"column":42},"end":{"line":15,"column":43}},"loc":{"start":{"line":15,"column":52},"end":{"line":21,"column":7}},"line":15}},"branchMap":{"0":{"loc":{"start":{"line":18,"column":8},"end":{"line":18,"column":65}},"type":"if","locations":[{"start":{"line":18,"column":8},"end":{"line":18,"column":65}},{"start":{},"end":{}}],"line":18},"1":{"loc":{"start":{"line":19,"column":8},"end":{"line":19,"column":56}},"type":"if","locations":[{"start":{"line":19,"column":8},"end":{"line":19,"column":56}},{"start":{},"end":{}}],"line":19}},"s":{"0":93,"1":93,"2":332,"3":332,"4":332,"5":50,"6":332,"7":93,"8":332,"9":3},"f":{"0":93,"1":332},"b":{"0":[50,282],"1":[93,239]},"_coverageSchema":"1a1c01bbd47fc00a2c39e90264f33305004495a9","hash":"48072b5d7b98b52b648659d9289fe43af25d83b5"}
,"F:\\cbt-toolkit\\cbt-toolkit-app\\src\\core\\data\\export.ts": {"path":"F:\\cbt-toolkit\\cbt-toolkit-app\\src\\core\\data\\export.ts","statementMap":{"0":{"start":{"line":7,"column":25},"end":{"line":12,"column":4}},"1":{"start":{"line":14,"column":32},"end":{"line":19,"column":4}},"2":{"start":{"line":21,"column":21},"end":{"line":26,"column":4}},"3":{"start":{"line":29,"column":4},"end":{"line":29,"column":26}},"4":{"start":{"line":31,"column":20},"end":{"line":38,"column":3}},"5":{"start":{"line":40,"column":19},"end":{"line":40,"column":67}},"6":{"start":{"line":41,"column":2},"end":{"line":41,"column":73}},"7":{"start":{"line":42,"column":2},"end":{"line":42,"column":71}}},"fnMap":{"0":{"name":"exportData","decl":{"start":{"line":6,"column":22},"end":{"line":6,"column":32}},"loc":{"start":{"line":6,"column":75},"end":{"line":43,"column":1}},"line":6}},"branchMap":{},"s":{"0":1,"1":1,"2":1,"3":1,"4":1,"5":1,"6":1,"7":1},"f":{"0":1},"b":{},"_coverageSchema":"1a1c01bbd47fc00a2c39e90264f33305004495a9","hash":"8ec15b1b690c8ff64d63619e57062a1c76ff76e6"}
,"F:\\cbt-toolkit\\cbt-toolkit-app\\src\\core\\data\\import.ts": {"path":"F:\\cbt-toolkit\\cbt-toolkit-app\\src\\core\\data\\import.ts","statementMap":{"0":{"start":{"line":41,"column":2},"end":{"line":41,"column":86}},"1":{"start":{"line":41,"column":49},"end":{"line":41,"column":86}},"2":{"start":{"line":42,"column":12},"end":{"line":42,"column":30}},"3":{"start":{"line":43,"column":2},"end":{"line":43,"column":69}},"4":{"start":{"line":43,"column":23},"end":{"line":43,"column":69}},"5":{"start":{"line":44,"column":2},"end":{"line":44,"column":77}},"6":{"start":{"line":44,"column":40},"end":{"line":44,"column":77}},"7":{"start":{"line":45,"column":2},"end":{"line":45,"column":91}},"8":{"start":{"line":45,"column":47},"end":{"line":45,"column":91}},"9":{"start":{"line":46,"column":2},"end":{"line":47,"column":45}},"10":{"start":{"line":47,"column":4},"end":{"line":47,"column":45}},"11":{"start":{"line":48,"column":19},"end":{"line":48,"column":87}},"12":{"start":{"line":50,"column":4},"end":{"line":52,"column":12}},"13":{"start":{"line":53,"column":2},"end":{"line":53,"column":67}},"14":{"start":{"line":53,"column":20},"end":{"line":53,"column":67}},"15":{"start":{"line":54,"column":2},"end":{"line":59,"column":3}},"16":{"start":{"line":55,"column":4},"end":{"line":55,"column":83}},"17":{"start":{"line":55,"column":43},"end":{"line":55,"column":83}},"18":{"start":{"line":56,"column":4},"end":{"line":56,"column":98}},"19":{"start":{"line":56,"column":57},"end":{"line":56,"column":98}},"20":{"start":{"line":57,"column":15},"end":{"line":57,"column":42}},"21":{"start":{"line":58,"column":4},"end":{"line":58,"column":75}},"22":{"start":{"line":58,"column":39},"end":{"line":58,"column":75}},"23":{"start":{"line":60,"column":2},"end":{"line":65,"column":3}},"24":{"start":{"line":61,"column":4},"end":{"line":61,"column":82}},"25":{"start":{"line":61,"column":43},"end":{"line":61,"column":82}},"26":{"start":{"line":62,"column":4},"end":{"line":62,"column":88}},"27":{"start":{"line":62,"column":51},"end":{"line":62,"column":88}},"28":{"start":{"line":63,"column":15},"end":{"line":63,"column":42}},"29":{"start":{"line":64,"column":4},"end":{"line":64,"column":74}},"30":{"start":{"line":64,"column":39},"end":{"line":64,"column":74}},"31":{"start":{"line":66,"column":2},"end":{"line":66,"column":14}},"32":{"start":{"line":73,"column":14},"end":{"line":73,"column":46}},"33":{"start":{"line":76,"column":2},"end":{"line":80,"column":3}},"34":{"start":{"line":77,"column":4},"end":{"line":77,"column":29}},"35":{"start":{"line":79,"column":4},"end":{"line":79,"column":42}},"36":{"start":{"line":82,"column":16},"end":{"line":82,"column":42}},"37":{"start":{"line":83,"column":2},"end":{"line":83,"column":36}},"38":{"start":{"line":83,"column":13},"end":{"line":83,"column":36}},"39":{"start":{"line":85,"column":15},"end":{"line":90,"column":3}},"40":{"start":{"line":91,"column":14},"end":{"line":91,"column":38}},"41":{"start":{"line":92,"column":17},"end":{"line":92,"column":18}},"42":{"start":{"line":93,"column":16},"end":{"line":93,"column":17}},"43":{"start":{"line":96,"column":22},"end":{"line":96,"column":39}},"44":{"start":{"line":97,"column":2},"end":{"line":102,"column":3}},"45":{"start":{"line":98,"column":16},"end":{"line":100,"column":6}},"46":{"start":{"line":101,"column":4},"end":{"line":101,"column":45}},"47":{"start":{"line":101,"column":13},"end":{"line":101,"column":45}},"48":{"start":{"line":103,"column":2},"end":{"line":108,"column":3}},"49":{"start":{"line":104,"column":16},"end":{"line":106,"column":6}},"50":{"start":{"line":107,"column":4},"end":{"line":107,"column":45}},"51":{"start":{"line":107,"column":13},"end":{"line":107,"column":45}},"52":{"start":{"line":109,"column":2},"end":{"line":114,"column":3}},"53":{"start":{"line":110,"column":16},"end":{"line":112,"column":6}},"54":{"start":{"line":113,"column":4},"end":{"line":113,"column":45}},"55":{"start":{"line":113,"column":13},"end":{"line":113,"column":45}},"56":{"start":{"line":116,"column":2},"end":{"line":225,"column":5}},"57":{"start":{"line":117,"column":4},"end":{"line":154,"column":5}},"58":{"start":{"line":118,"column":17},"end":{"line":118,"column":31}},"59":{"start":{"line":119,"column":6},"end":{"line":122,"column":7}},"60":{"start":{"line":120,"column":8},"end":{"line":120,"column":18}},"61":{"start":{"line":121,"column":8},"end":{"line":121,"column":17}},"62":{"start":{"line":123,"column":24},"end":{"line":123,"column":63}},"63":{"start":{"line":124,"column":6},"end":{"line":133,"column":8}},"64":{"start":{"line":134,"column":6},"end":{"line":152,"column":8}},"65":{"start":{"line":153,"column":6},"end":{"line":153,"column":17}},"66":{"start":{"line":156,"column":4},"end":{"line":192,"column":5}},"67":{"start":{"line":157,"column":17},"end":{"line":157,"column":31}},"68":{"start":{"line":158,"column":6},"end":{"line":161,"column":7}},"69":{"start":{"line":159,"column":8},"end":{"line":159,"column":18}},"70":{"start":{"line":160,"column":8},"end":{"line":160,"column":17}},"71":{"start":{"line":162,"column":24},"end":{"line":162,"column":63}},"72":{"start":{"line":163,"column":6},"end":{"line":172,"column":8}},"73":{"start":{"line":173,"column":6},"end":{"line":190,"column":8}},"74":{"start":{"line":191,"column":6},"end":{"line":191,"column":17}},"75":{"start":{"line":194,"column":4},"end":{"line":224,"column":5}},"76":{"start":{"line":195,"column":17},"end":{"line":195,"column":31}},"77":{"start":{"line":196,"column":6},"end":{"line":199,"column":7}},"78":{"start":{"line":197,"column":8},"end":{"line":197,"column":18}},"79":{"start":{"line":198,"column":8},"end":{"line":198,"column":17}},"80":{"start":{"line":200,"column":24},"end":{"line":200,"column":63}},"81":{"start":{"line":201,"column":6},"end":{"line":210,"column":8}},"82":{"start":{"line":211,"column":6},"end":{"line":222,"column":8}},"83":{"start":{"line":223,"column":6},"end":{"line":223,"column":17}},"84":{"start":{"line":228,"column":2},"end":{"line":238,"column":3}},"85":{"start":{"line":229,"column":14},"end":{"line":229,"column":52}},"86":{"start":{"line":230,"column":41},"end":{"line":230,"column":43}},"87":{"start":{"line":231,"column":4},"end":{"line":231,"column":90}},"88":{"start":{"line":231,"column":48},"end":{"line":231,"column":90}},"89":{"start":{"line":232,"column":4},"end":{"line":232,"column":80}},"90":{"start":{"line":232,"column":44},"end":{"line":232,"column":80}},"91":{"start":{"line":233,"column":4},"end":{"line":234,"column":34}},"92":{"start":{"line":234,"column":6},"end":{"line":234,"column":34}},"93":{"start":{"line":235,"column":4},"end":{"line":235,"column":84}},"94":{"start":{"line":235,"column":46},"end":{"line":235,"column":84}},"95":{"start":{"line":236,"column":4},"end":{"line":236,"column":81}},"96":{"start":{"line":236,"column":45},"end":{"line":236,"column":81}},"97":{"start":{"line":237,"column":4},"end":{"line":237,"column":67}},"98":{"start":{"line":237,"column":39},"end":{"line":237,"column":67}},"99":{"start":{"line":240,"column":2},"end":{"line":240,"column":31}}},"fnMap":{"0":{"name":"validateExportFile","decl":{"start":{"line":40,"column":16},"end":{"line":40,"column":34}},"loc":{"start":{"line":40,"column":65},"end":{"line":67,"column":1}},"line":40},"1":{"name":"importData","decl":{"start":{"line":69,"column":22},"end":{"line":69,"column":32}},"loc":{"start":{"line":72,"column":50},"end":{"line":241,"column":1}},"line":72},"2":{"name":"(anonymous_2)","decl":{"start":{"line":116,"column":32},"end":{"line":116,"column":33}},"loc":{"start":{"line":116,"column":44},"end":{"line":225,"column":3}},"line":116}},"branchMap":{"0":{"loc":{"start":{"line":41,"column":2},"end":{"line":41,"column":86}},"type":"if","locations":[{"start":{"line":41,"column":2},"end":{"line":41,"column":86}},{"start":{},"end":{}}],"line":41},"1":{"loc":{"start":{"line":41,"column":6},"end":{"line":41,"column":47}},"type":"binary-expr","locations":[{"start":{"line":41,"column":6},"end":{"line":41,"column":30}},{"start":{"line":41,"column":34},"end":{"line":41,"column":47}}],"line":41},"2":{"loc":{"start":{"line":43,"column":2},"end":{"line":43,"column":69}},"type":"if","locations":[{"start":{"line":43,"column":2},"end":{"line":43,"column":69}},{"start":{},"end":{}}],"line":43},"3":{"loc":{"start":{"line":44,"column":2},"end":{"line":44,"column":77}},"type":"if","locations":[{"start":{"line":44,"column":2},"end":{"line":44,"column":77}},{"start":{},"end":{}}],"line":44},"4":{"loc":{"start":{"line":45,"column":2},"end":{"line":45,"column":91}},"type":"if","locations":[{"start":{"line":45,"column":2},"end":{"line":45,"column":91}},{"start":{},"end":{}}],"line":45},"5":{"loc":{"start":{"line":46,"column":2},"end":{"line":47,"column":45}},"type":"if","locations":[{"start":{"line":46,"column":2},"end":{"line":47,"column":45}},{"start":{},"end":{}}],"line":46},"6":{"loc":{"start":{"line":46,"column":6},"end":{"line":46,"column":64}},"type":"binary-expr","locations":[{"start":{"line":46,"column":6},"end":{"line":46,"column":32}},{"start":{"line":46,"column":36},"end":{"line":46,"column":64}}],"line":46},"7":{"loc":{"start":{"line":48,"column":19},"end":{"line":48,"column":87}},"type":"cond-expr","locations":[{"start":{"line":48,"column":49},"end":{"line":48,"column":83}},{"start":{"line":48,"column":86},"end":{"line":48,"column":87}}],"line":48},"8":{"loc":{"start":{"line":53,"column":2},"end":{"line":53,"column":67}},"type":"if","locations":[{"start":{"line":53,"column":2},"end":{"line":53,"column":67}},{"start":{},"end":{}}],"line":53},"9":{"loc":{"start":{"line":55,"column":4},"end":{"line":55,"column":83}},"type":"if","locations":[{"start":{"line":55,"column":4},"end":{"line":55,"column":83}},{"start":{},"end":{}}],"line":55},"10":{"loc":{"start":{"line":55,"column":8},"end":{"line":55,"column":41}},"type":"binary-expr","locations":[{"start":{"line":55,"column":8},"end":{"line":55,"column":32}},{"start":{"line":55,"column":36},"end":{"line":55,"column":41}}],"line":55},"11":{"loc":{"start":{"line":56,"column":4},"end":{"line":56,"column":98}},"type":"if","locations":[{"start":{"line":56,"column":4},"end":{"line":56,"column":98}},{"start":{},"end":{}}],"line":56},"12":{"loc":{"start":{"line":56,"column":8},"end":{"line":56,"column":55}},"type":"binary-expr","locations":[{"start":{"line":56,"column":8},"end":{"line":56,"column":39}},{"start":{"line":56,"column":43},"end":{"line":56,"column":55}}],"line":56},"13":{"loc":{"start":{"line":57,"column":15},"end":{"line":57,"column":42}},"type":"binary-expr","locations":[{"start":{"line":57,"column":15},"end":{"line":57,"column":26}},{"start":{"line":57,"column":30},"end":{"line":57,"column":42}}],"line":57},"14":{"loc":{"start":{"line":58,"column":4},"end":{"line":58,"column":75}},"type":"if","locations":[{"start":{"line":58,"column":4},"end":{"line":58,"column":75}},{"start":{},"end":{}}],"line":58},"15":{"loc":{"start":{"line":58,"column":8},"end":{"line":58,"column":37}},"type":"binary-expr","locations":[{"start":{"line":58,"column":8},"end":{"line":58,"column":30}},{"start":{"line":58,"column":34},"end":{"line":58,"column":37}}],"line":58},"16":{"loc":{"start":{"line":61,"column":4},"end":{"line":61,"column":82}},"type":"if","locations":[{"start":{"line":61,"column":4},"end":{"line":61,"column":82}},{"start":{},"end":{}}],"line":61},"17":{"loc":{"start":{"line":61,"column":8},"end":{"line":61,"column":41}},"type":"binary-expr","locations":[{"start":{"line":61,"column":8},"end":{"line":61,"column":32}},{"start":{"line":61,"column":36},"end":{"line":61,"column":41}}],"line":61},"18":{"loc":{"start":{"line":62,"column":4},"end":{"line":62,"column":88}},"type":"if","locations":[{"start":{"line":62,"column":4},"end":{"line":62,"column":88}},{"start":{},"end":{}}],"line":62},"19":{"loc":{"start":{"line":62,"column":8},"end":{"line":62,"column":49}},"type":"binary-expr","locations":[{"start":{"line":62,"column":8},"end":{"line":62,"column":36}},{"start":{"line":62,"column":40},"end":{"line":62,"column":49}}],"line":62},"20":{"loc":{"start":{"line":63,"column":15},"end":{"line":63,"column":42}},"type":"binary-expr","locations":[{"start":{"line":63,"column":15},"end":{"line":63,"column":26}},{"start":{"line":63,"column":30},"end":{"line":63,"column":42}}],"line":63},"21":{"loc":{"start":{"line":64,"column":4},"end":{"line":64,"column":74}},"type":"if","locations":[{"start":{"line":64,"column":4},"end":{"line":64,"column":74}},{"start":{},"end":{}}],"line":64},"22":{"loc":{"start":{"line":64,"column":8},"end":{"line":64,"column":37}},"type":"binary-expr","locations":[{"start":{"line":64,"column":8},"end":{"line":64,"column":30}},{"start":{"line":64,"column":34},"end":{"line":64,"column":37}}],"line":64},"23":{"loc":{"start":{"line":83,"column":2},"end":{"line":83,"column":36}},"type":"if","locations":[{"start":{"line":83,"column":2},"end":{"line":83,"column":36}},{"start":{},"end":{}}],"line":83},"24":{"loc":{"start":{"line":101,"column":4},"end":{"line":101,"column":45}},"type":"if","locations":[{"start":{"line":101,"column":4},"end":{"line":101,"column":45}},{"start":{},"end":{}}],"line":101},"25":{"loc":{"start":{"line":107,"column":4},"end":{"line":107,"column":45}},"type":"if","locations":[{"start":{"line":107,"column":4},"end":{"line":107,"column":45}},{"start":{},"end":{}}],"line":107},"26":{"loc":{"start":{"line":109,"column":18},"end":{"line":109,"column":39}},"type":"binary-expr","locations":[{"start":{"line":109,"column":18},"end":{"line":109,"column":33}},{"start":{"line":109,"column":37},"end":{"line":109,"column":39}}],"line":109},"27":{"loc":{"start":{"line":113,"column":4},"end":{"line":113,"column":45}},"type":"if","locations":[{"start":{"line":113,"column":4},"end":{"line":113,"column":45}},{"start":{},"end":{}}],"line":113},"28":{"loc":{"start":{"line":119,"column":6},"end":{"line":122,"column":7}},"type":"if","locations":[{"start":{"line":119,"column":6},"end":{"line":122,"column":7}},{"start":{},"end":{}}],"line":119},"29":{"loc":{"start":{"line":123,"column":25},"end":{"line":123,"column":52}},"type":"binary-expr","locations":[{"start":{"line":123,"column":25},"end":{"line":123,"column":36}},{"start":{"line":123,"column":40},"end":{"line":123,"column":52}}],"line":123},"30":{"loc":{"start":{"line":130,"column":10},"end":{"line":130,"column":31}},"type":"cond-expr","locations":[{"start":{"line":130,"column":26},"end":{"line":130,"column":27}},{"start":{"line":130,"column":30},"end":{"line":130,"column":31}}],"line":130},"31":{"loc":{"start":{"line":131,"column":10},"end":{"line":131,"column":65}},"type":"cond-expr","locations":[{"start":{"line":131,"column":47},"end":{"line":131,"column":61}},{"start":{"line":131,"column":64},"end":{"line":131,"column":65}}],"line":131},"32":{"loc":{"start":{"line":139,"column":10},"end":{"line":143,"column":20}},"type":"cond-expr","locations":[{"start":{"line":140,"column":14},"end":{"line":140,"column":40}},{"start":{"line":141,"column":14},"end":{"line":143,"column":20}}],"line":139},"33":{"loc":{"start":{"line":141,"column":14},"end":{"line":143,"column":20}},"type":"cond-expr","locations":[{"start":{"line":142,"column":16},"end":{"line":142,"column":26}},{"start":{"line":143,"column":16},"end":{"line":143,"column":20}}],"line":141},"34":{"loc":{"start":{"line":144,"column":10},"end":{"line":144,"column":78}},"type":"cond-expr","locations":[{"start":{"line":144,"column":53},"end":{"line":144,"column":73}},{"start":{"line":144,"column":76},"end":{"line":144,"column":78}}],"line":144},"35":{"loc":{"start":{"line":145,"column":10},"end":{"line":145,"column":66}},"type":"cond-expr","locations":[{"start":{"line":145,"column":47},"end":{"line":145,"column":61}},{"start":{"line":145,"column":64},"end":{"line":145,"column":66}}],"line":145},"36":{"loc":{"start":{"line":146,"column":10},"end":{"line":146,"column":74}},"type":"cond-expr","locations":[{"start":{"line":146,"column":51},"end":{"line":146,"column":69}},{"start":{"line":146,"column":72},"end":{"line":146,"column":74}}],"line":146},"37":{"loc":{"start":{"line":147,"column":10},"end":{"line":147,"column":80}},"type":"cond-expr","locations":[{"start":{"line":147,"column":54},"end":{"line":147,"column":75}},{"start":{"line":147,"column":78},"end":{"line":147,"column":80}}],"line":147},"38":{"loc":{"start":{"line":148,"column":10},"end":{"line":148,"column":58}},"type":"cond-expr","locations":[{"start":{"line":148,"column":42},"end":{"line":148,"column":51}},{"start":{"line":148,"column":54},"end":{"line":148,"column":58}}],"line":148},"39":{"loc":{"start":{"line":149,"column":10},"end":{"line":149,"column":30}},"type":"cond-expr","locations":[{"start":{"line":149,"column":25},"end":{"line":149,"column":26}},{"start":{"line":149,"column":29},"end":{"line":149,"column":30}}],"line":149},"40":{"loc":{"start":{"line":150,"column":10},"end":{"line":150,"column":72}},"type":"cond-expr","locations":[{"start":{"line":150,"column":49},"end":{"line":150,"column":65}},{"start":{"line":150,"column":68},"end":{"line":150,"column":72}}],"line":150},"41":{"loc":{"start":{"line":158,"column":6},"end":{"line":161,"column":7}},"type":"if","locations":[{"start":{"line":158,"column":6},"end":{"line":161,"column":7}},{"start":{},"end":{}}],"line":158},"42":{"loc":{"start":{"line":162,"column":25},"end":{"line":162,"column":52}},"type":"binary-expr","locations":[{"start":{"line":162,"column":25},"end":{"line":162,"column":36}},{"start":{"line":162,"column":40},"end":{"line":162,"column":52}}],"line":162},"43":{"loc":{"start":{"line":169,"column":10},"end":{"line":169,"column":31}},"type":"cond-expr","locations":[{"start":{"line":169,"column":26},"end":{"line":169,"column":27}},{"start":{"line":169,"column":30},"end":{"line":169,"column":31}}],"line":169},"44":{"loc":{"start":{"line":170,"column":10},"end":{"line":170,"column":65}},"type":"cond-expr","locations":[{"start":{"line":170,"column":47},"end":{"line":170,"column":61}},{"start":{"line":170,"column":64},"end":{"line":170,"column":65}}],"line":170},"45":{"loc":{"start":{"line":177,"column":10},"end":{"line":177,"column":61}},"type":"cond-expr","locations":[{"start":{"line":177,"column":41},"end":{"line":177,"column":49}},{"start":{"line":177,"column":52},"end":{"line":177,"column":61}}],"line":177},"46":{"loc":{"start":{"line":179,"column":10},"end":{"line":179,"column":86}},"type":"cond-expr","locations":[{"start":{"line":179,"column":57},"end":{"line":179,"column":81}},{"start":{"line":179,"column":84},"end":{"line":179,"column":86}}],"line":179},"47":{"loc":{"start":{"line":180,"column":10},"end":{"line":180,"column":78}},"type":"cond-expr","locations":[{"start":{"line":180,"column":53},"end":{"line":180,"column":73}},{"start":{"line":180,"column":76},"end":{"line":180,"column":78}}],"line":180},"48":{"loc":{"start":{"line":181,"column":10},"end":{"line":181,"column":50}},"type":"cond-expr","locations":[{"start":{"line":181,"column":39},"end":{"line":181,"column":45}},{"start":{"line":181,"column":48},"end":{"line":181,"column":50}}],"line":181},"49":{"loc":{"start":{"line":182,"column":10},"end":{"line":182,"column":76}},"type":"cond-expr","locations":[{"start":{"line":182,"column":52},"end":{"line":182,"column":71}},{"start":{"line":182,"column":74},"end":{"line":182,"column":76}}],"line":182},"50":{"loc":{"start":{"line":183,"column":10},"end":{"line":183,"column":72}},"type":"cond-expr","locations":[{"start":{"line":183,"column":49},"end":{"line":183,"column":65}},{"start":{"line":183,"column":68},"end":{"line":183,"column":72}}],"line":183},"51":{"loc":{"start":{"line":184,"column":10},"end":{"line":184,"column":74}},"type":"cond-expr","locations":[{"start":{"line":184,"column":50},"end":{"line":184,"column":67}},{"start":{"line":184,"column":70},"end":{"line":184,"column":74}}],"line":184},"52":{"loc":{"start":{"line":185,"column":10},"end":{"line":185,"column":72}},"type":"cond-expr","locations":[{"start":{"line":185,"column":49},"end":{"line":185,"column":65}},{"start":{"line":185,"column":68},"end":{"line":185,"column":72}}],"line":185},"53":{"loc":{"start":{"line":186,"column":10},"end":{"line":186,"column":64}},"type":"cond-expr","locations":[{"start":{"line":186,"column":45},"end":{"line":186,"column":57}},{"start":{"line":186,"column":60},"end":{"line":186,"column":64}}],"line":186},"54":{"loc":{"start":{"line":187,"column":10},"end":{"line":187,"column":86}},"type":"cond-expr","locations":[{"start":{"line":187,"column":56},"end":{"line":187,"column":79}},{"start":{"line":187,"column":82},"end":{"line":187,"column":86}}],"line":187},"55":{"loc":{"start":{"line":188,"column":10},"end":{"line":188,"column":30}},"type":"cond-expr","locations":[{"start":{"line":188,"column":25},"end":{"line":188,"column":26}},{"start":{"line":188,"column":29},"end":{"line":188,"column":30}}],"line":188},"56":{"loc":{"start":{"line":194,"column":20},"end":{"line":194,"column":41}},"type":"binary-expr","locations":[{"start":{"line":194,"column":20},"end":{"line":194,"column":35}},{"start":{"line":194,"column":39},"end":{"line":194,"column":41}}],"line":194},"57":{"loc":{"start":{"line":196,"column":6},"end":{"line":199,"column":7}},"type":"if","locations":[{"start":{"line":196,"column":6},"end":{"line":199,"column":7}},{"start":{},"end":{}}],"line":196},"58":{"loc":{"start":{"line":200,"column":25},"end":{"line":200,"column":52}},"type":"binary-expr","locations":[{"start":{"line":200,"column":25},"end":{"line":200,"column":36}},{"start":{"line":200,"column":40},"end":{"line":200,"column":52}}],"line":200},"59":{"loc":{"start":{"line":207,"column":10},"end":{"line":207,"column":31}},"type":"cond-expr","locations":[{"start":{"line":207,"column":26},"end":{"line":207,"column":27}},{"start":{"line":207,"column":30},"end":{"line":207,"column":31}}],"line":207},"60":{"loc":{"start":{"line":208,"column":10},"end":{"line":208,"column":65}},"type":"cond-expr","locations":[{"start":{"line":208,"column":47},"end":{"line":208,"column":61}},{"start":{"line":208,"column":64},"end":{"line":208,"column":65}}],"line":208},"61":{"loc":{"start":{"line":215,"column":10},"end":{"line":215,"column":60}},"type":"cond-expr","locations":[{"start":{"line":215,"column":44},"end":{"line":215,"column":55}},{"start":{"line":215,"column":58},"end":{"line":215,"column":60}}],"line":215},"62":{"loc":{"start":{"line":216,"column":10},"end":{"line":216,"column":58}},"type":"cond-expr","locations":[{"start":{"line":216,"column":43},"end":{"line":216,"column":53}},{"start":{"line":216,"column":56},"end":{"line":216,"column":58}}],"line":216},"63":{"loc":{"start":{"line":217,"column":10},"end":{"line":217,"column":60}},"type":"cond-expr","locations":[{"start":{"line":217,"column":44},"end":{"line":217,"column":55}},{"start":{"line":217,"column":58},"end":{"line":217,"column":60}}],"line":217},"64":{"loc":{"start":{"line":218,"column":10},"end":{"line":218,"column":58}},"type":"cond-expr","locations":[{"start":{"line":218,"column":43},"end":{"line":218,"column":53}},{"start":{"line":218,"column":56},"end":{"line":218,"column":58}}],"line":218},"65":{"loc":{"start":{"line":219,"column":10},"end":{"line":219,"column":76}},"type":"cond-expr","locations":[{"start":{"line":219,"column":52},"end":{"line":219,"column":71}},{"start":{"line":219,"column":74},"end":{"line":219,"column":76}}],"line":219},"66":{"loc":{"start":{"line":220,"column":10},"end":{"line":220,"column":30}},"type":"cond-expr","locations":[{"start":{"line":220,"column":25},"end":{"line":220,"column":26}},{"start":{"line":220,"column":29},"end":{"line":220,"column":30}}],"line":220},"67":{"loc":{"start":{"line":228,"column":2},"end":{"line":238,"column":3}},"type":"if","locations":[{"start":{"line":228,"column":2},"end":{"line":238,"column":3}},{"start":{},"end":{}}],"line":228},"68":{"loc":{"start":{"line":228,"column":6},"end":{"line":228,"column":56}},"type":"binary-expr","locations":[{"start":{"line":228,"column":6},"end":{"line":228,"column":19}},{"start":{"line":228,"column":23},"end":{"line":228,"column":56}}],"line":228},"69":{"loc":{"start":{"line":231,"column":4},"end":{"line":231,"column":90}},"type":"if","locations":[{"start":{"line":231,"column":4},"end":{"line":231,"column":90}},{"start":{},"end":{}}],"line":231},"70":{"loc":{"start":{"line":232,"column":4},"end":{"line":232,"column":80}},"type":"if","locations":[{"start":{"line":232,"column":4},"end":{"line":232,"column":80}},{"start":{},"end":{}}],"line":232},"71":{"loc":{"start":{"line":233,"column":4},"end":{"line":234,"column":34}},"type":"if","locations":[{"start":{"line":233,"column":4},"end":{"line":234,"column":34}},{"start":{},"end":{}}],"line":233},"72":{"loc":{"start":{"line":233,"column":8},"end":{"line":233,"column":73}},"type":"binary-expr","locations":[{"start":{"line":233,"column":8},"end":{"line":233,"column":27}},{"start":{"line":233,"column":31},"end":{"line":233,"column":50}},{"start":{"line":233,"column":54},"end":{"line":233,"column":73}}],"line":233},"73":{"loc":{"start":{"line":235,"column":4},"end":{"line":235,"column":84}},"type":"if","locations":[{"start":{"line":235,"column":4},"end":{"line":235,"column":84}},{"start":{},"end":{}}],"line":235},"74":{"loc":{"start":{"line":236,"column":4},"end":{"line":236,"column":81}},"type":"if","locations":[{"start":{"line":236,"column":4},"end":{"line":236,"column":81}},{"start":{},"end":{}}],"line":236},"75":{"loc":{"start":{"line":237,"column":4},"end":{"line":237,"column":67}},"type":"if","locations":[{"start":{"line":237,"column":4},"end":{"line":237,"column":67}},{"start":{},"end":{}}],"line":237}},"s":{"0":16,"1":1,"2":15,"3":15,"4":2,"5":13,"6":1,"7":12,"8":1,"9":11,"10":1,"11":10,"12":10,"13":10,"14":1,"15":9,"16":9,"17":1,"18":8,"19":0,"20":8,"21":8,"22":0,"23":8,"24":8,"25":0,"26":8,"27":1,"28":7,"29":7,"30":0,"31":7,"32":6,"33":6,"34":6,"35":1,"36":5,"37":5,"38":1,"39":4,"40":4,"41":4,"42":4,"43":4,"44":4,"45":4,"46":4,"47":1,"48":4,"49":4,"50":4,"51":1,"52":4,"53":1,"54":1,"55":0,"56":4,"57":4,"58":4,"59":4,"60":1,"61":1,"62":3,"63":3,"64":3,"65":3,"66":4,"67":4,"68":4,"69":1,"70":1,"71":3,"72":3,"73":3,"74":3,"75":4,"76":1,"77":1,"78":0,"79":0,"80":1,"81":1,"82":1,"83":1,"84":4,"85":0,"86":0,"87":0,"88":0,"89":0,"90":0,"91":0,"92":0,"93":0,"94":0,"95":0,"96":0,"97":0,"98":0,"99":4},"f":{"0":16,"1":6,"2":4},"b":{"0":[1,15],"1":[16,16],"2":[2,13],"3":[1,12],"4":[1,11],"5":[1,10],"6":[11,3],"7":[2,8],"8":[1,9],"9":[1,8],"10":[9,8],"11":[0,8],"12":[8,8],"13":[8,0],"14":[0,8],"15":[8,8],"16":[0,8],"17":[8,8],"18":[1,7],"19":[8,7],"20":[7,0],"21":[0,7],"22":[7,7],"23":[1,4],"24":[1,3],"25":[1,3],"26":[4,3],"27":[0,1],"28":[1,3],"29":[3,0],"30":[0,3],"31":[0,3],"32":[0,3],"33":[0,3],"34":[0,3],"35":[0,3],"36":[0,3],"37":[0,3],"38":[0,3],"39":[0,3],"40":[0,3],"41":[1,3],"42":[3,0],"43":[0,3],"44":[0,3],"45":[0,3],"46":[0,3],"47":[0,3],"48":[0,3],"49":[0,3],"50":[0,3],"51":[0,3],"52":[0,3],"53":[0,3],"54":[0,3],"55":[0,3],"56":[4,3],"57":[0,1],"58":[1,0],"59":[0,1],"60":[0,1],"61":[1,0],"62":[0,1],"63":[0,1],"64":[0,1],"65":[0,1],"66":[0,1],"67":[0,4],"68":[4,0],"69":[0,0],"70":[0,0],"71":[0,0],"72":[0,0,0],"73":[0,0],"74":[0,0],"75":[0,0]},"_coverageSchema":"1a1c01bbd47fc00a2c39e90264f33305004495a9","hash":"b48df887be6f8da826b65c0b5761f6e1535074ee"}
,"F:\\cbt-toolkit\\cbt-toolkit-app\\src\\core\\i18n\\pl.ts": {"path":"F:\\cbt-toolkit\\cbt-toolkit-app\\src\\core\\i18n\\pl.ts","statementMap":{"0":{"start":{"line":1,"column":18},"end":{"line":62,"column":10}}},"fnMap":{},"branchMap":{},"s":{"0":1},"f":{},"b":{},"_coverageSchema":"1a1c01bbd47fc00a2c39e90264f33305004495a9","hash":"cd3c2a32a5982c198ba441d6aa3b7a1f5451a002"}
,"F:\\cbt-toolkit\\cbt-toolkit-app\\src\\core\\notifications\\permissions.ts": {"path":"F:\\cbt-toolkit\\cbt-toolkit-app\\src\\core\\notifications\\permissions.ts","statementMap":{"0":{"start":{"line":4,"column":21},"end":{"line":4,"column":66}},"1":{"start":{"line":5,"column":2},"end":{"line":5,"column":30}}},"fnMap":{"0":{"name":"requestPermissions","decl":{"start":{"line":3,"column":22},"end":{"line":3,"column":40}},"loc":{"start":{"line":3,"column":61},"end":{"line":6,"column":1}},"line":3}},"branchMap":{},"s":{"0":3,"1":3},"f":{"0":3},"b":{},"_coverageSchema":"1a1c01bbd47fc00a2c39e90264f33305004495a9","hash":"ae3ba5f2b4f1d503879229261bfaa628d11f1ac2"}
,"F:\\cbt-toolkit\\cbt-toolkit-app\\src\\core\\notifications\\schedule.ts": {"path":"F:\\cbt-toolkit\\cbt-toolkit-app\\src\\core\\notifications\\schedule.ts","statementMap":{"0":{"start":{"line":4,"column":31},"end":{"line":4,"column":46}},"1":{"start":{"line":5,"column":15},"end":{"line":5,"column":36}},"2":{"start":{"line":6,"column":17},"end":{"line":6,"column":40}},"3":{"start":{"line":8,"column":2},"end":{"line":18,"column":5}},"4":{"start":{"line":22,"column":2},"end":{"line":22,"column":61}}},"fnMap":{"0":{"name":"scheduleReminder","decl":{"start":{"line":3,"column":22},"end":{"line":3,"column":38}},"loc":{"start":{"line":3,"column":68},"end":{"line":19,"column":1}},"line":3},"1":{"name":"cancelReminder","decl":{"start":{"line":21,"column":22},"end":{"line":21,"column":36}},"loc":{"start":{"line":21,"column":54},"end":{"line":23,"column":1}},"line":21}},"branchMap":{},"s":{"0":2,"1":2,"2":2,"3":2,"4":1},"f":{"0":2,"1":1},"b":{},"_coverageSchema":"1a1c01bbd47fc00a2c39e90264f33305004495a9","hash":"bded50a5410ea0c5b53dc4412a84c890e201ac0d"}
,"F:\\cbt-toolkit\\cbt-toolkit-app\\src\\core\\settings\\fontScale.ts": {"path":"F:\\cbt-toolkit\\cbt-toolkit-app\\src\\core\\settings\\fontScale.ts","statementMap":{"0":{"start":{"line":3,"column":46},"end":{"line":7,"column":1}},"1":{"start":{"line":10,"column":2},"end":{"line":10,"column":34}}},"fnMap":{"0":{"name":"scaledFont","decl":{"start":{"line":9,"column":16},"end":{"line":9,"column":26}},"loc":{"start":{"line":9,"column":65},"end":{"line":11,"column":1}},"line":9}},"branchMap":{},"s":{"0":2,"1":30},"f":{"0":30},"b":{},"_coverageSchema":"1a1c01bbd47fc00a2c39e90264f33305004495a9","hash":"083cbb27252d8a7cd215b92ab128ab3ac828c2ae"}
,"F:\\cbt-toolkit\\cbt-toolkit-app\\src\\core\\settings\\store.ts": {"path":"F:\\cbt-toolkit\\cbt-toolkit-app\\src\\core\\settings\\store.ts","statementMap":{"0":{"start":{"line":25,"column":27},"end":{"line":56,"column":1}},"1":{"start":{"line":27,"column":14},"end":{"line":38,"column":5}},"2":{"start":{"line":33,"column":37},"end":{"line":33,"column":68}},"3":{"start":{"line":34,"column":34},"end":{"line":34,"column":62}},"4":{"start":{"line":35,"column":30},"end":{"line":35,"column":54}},"5":{"start":{"line":36,"column":35},"end":{"line":36,"column":64}},"6":{"start":{"line":37,"column":34},"end":{"line":37,"column":62}},"7":{"start":{"line":41,"column":39},"end":{"line":41,"column":51}},"8":{"start":{"line":42,"column":30},"end":{"line":48,"column":7}},"9":{"start":{"line":50,"column":8},"end":{"line":53,"column":27}}},"fnMap":{"0":{"name":"(anonymous_0)","decl":{"start":{"line":27,"column":4},"end":{"line":27,"column":5}},"loc":{"start":{"line":27,"column":14},"end":{"line":38,"column":5}},"line":27},"1":{"name":"(anonymous_1)","decl":{"start":{"line":33,"column":26},"end":{"line":33,"column":27}},"loc":{"start":{"line":33,"column":37},"end":{"line":33,"column":68}},"line":33},"2":{"name":"(anonymous_2)","decl":{"start":{"line":34,"column":23},"end":{"line":34,"column":24}},"loc":{"start":{"line":34,"column":34},"end":{"line":34,"column":62}},"line":34},"3":{"name":"(anonymous_3)","decl":{"start":{"line":35,"column":19},"end":{"line":35,"column":20}},"loc":{"start":{"line":35,"column":30},"end":{"line":35,"column":54}},"line":35},"4":{"name":"(anonymous_4)","decl":{"start":{"line":36,"column":24},"end":{"line":36,"column":25}},"loc":{"start":{"line":36,"column":35},"end":{"line":36,"column":64}},"line":36},"5":{"name":"(anonymous_5)","decl":{"start":{"line":37,"column":23},"end":{"line":37,"column":24}},"loc":{"start":{"line":37,"column":34},"end":{"line":37,"column":62}},"line":37},"6":{"name":"(anonymous_6)","decl":{"start":{"line":41,"column":33},"end":{"line":41,"column":34}},"loc":{"start":{"line":41,"column":39},"end":{"line":41,"column":51}},"line":41},"7":{"name":"(anonymous_7)","decl":{"start":{"line":42,"column":18},"end":{"line":42,"column":19}},"loc":{"start":{"line":42,"column":30},"end":{"line":48,"column":7}},"line":42},"8":{"name":"(anonymous_8)","decl":{"start":{"line":49,"column":13},"end":{"line":49,"column":14}},"loc":{"start":{"line":50,"column":8},"end":{"line":53,"column":27}},"line":50}},"branchMap":{},"s":{"0":14,"1":14,"2":1,"3":1,"4":1,"5":1,"6":1,"7":14,"8":12,"9":15},"f":{"0":14,"1":1,"2":1,"3":1,"4":1,"5":1,"6":14,"7":12,"8":15},"b":{},"_coverageSchema":"1a1c01bbd47fc00a2c39e90264f33305004495a9","hash":"ec959140c1e59f6a6a6105a8a638a101c1b354fb"}
,"F:\\cbt-toolkit\\cbt-toolkit-app\\src\\core\\theme\\index.ts": {"path":"F:\\cbt-toolkit\\cbt-toolkit-app\\src\\core\\theme\\index.ts","statementMap":{"0":{"start":{"line":1,"column":22},"end":{"line":17,"column":10}},"1":{"start":{"line":19,"column":34},"end":{"line":35,"column":10}},"2":{"start":{"line":37,"column":23},"end":{"line":43,"column":10}},"3":{"start":{"line":45,"column":22},"end":{"line":50,"column":10}},"4":{"start":{"line":52,"column":23},"end":{"line":56,"column":1}},"5":{"start":{"line":58,"column":26},"end":{"line":65,"column":10}}},"fnMap":{},"branchMap":{},"s":{"0":17,"1":17,"2":17,"3":17,"4":17,"5":17},"f":{},"b":{},"_coverageSchema":"1a1c01bbd47fc00a2c39e90264f33305004495a9","hash":"b0cdcb6482971c0b07f784e75a59e14d3e35901a"}
,"F:\\cbt-toolkit\\cbt-toolkit-app\\src\\core\\theme\\useColors.ts": {"path":"F:\\cbt-toolkit\\cbt-toolkit-app\\src\\core\\theme\\useColors.ts","statementMap":{"0":{"start":{"line":5,"column":23},"end":{"line":5,"column":57}},"1":{"start":{"line":5,"column":42},"end":{"line":5,"column":56}},"2":{"start":{"line":6,"column":2},"end":{"line":6,"column":52}}},"fnMap":{"0":{"name":"useColors","decl":{"start":{"line":4,"column":16},"end":{"line":4,"column":25}},"loc":{"start":{"line":4,"column":28},"end":{"line":7,"column":1}},"line":4},"1":{"name":"(anonymous_1)","decl":{"start":{"line":5,"column":35},"end":{"line":5,"column":36}},"loc":{"start":{"line":5,"column":42},"end":{"line":5,"column":56}},"line":5}},"branchMap":{"0":{"loc":{"start":{"line":6,"column":9},"end":{"line":6,"column":51}},"type":"cond-expr","locations":[{"start":{"line":6,"column":24},"end":{"line":6,"column":42}},{"start":{"line":6,"column":45},"end":{"line":6,"column":51}}],"line":6}},"s":{"0":412,"1":1223,"2":412},"f":{"0":412,"1":1223},"b":{"0":[1,411]},"_coverageSchema":"1a1c01bbd47fc00a2c39e90264f33305004495a9","hash":"57911f084603588b693324aa1a1a0c2d2a166c2f"}
,"F:\\cbt-toolkit\\cbt-toolkit-app\\src\\tools\\abc-model\\repository.ts": {"path":"F:\\cbt-toolkit\\cbt-toolkit-app\\src\\tools\\abc-model\\repository.ts","statementMap":{"0":{"start":{"line":20,"column":2},"end":{"line":32,"column":4}},"1":{"start":{"line":36,"column":13},"end":{"line":36,"column":32}},"2":{"start":{"line":37,"column":14},"end":{"line":37,"column":38}},"3":{"start":{"line":38,"column":2},"end":{"line":44,"column":5}},"4":{"start":{"line":39,"column":4},"end":{"line":42,"column":6}},"5":{"start":{"line":43,"column":4},"end":{"line":43,"column":71}},"6":{"start":{"line":45,"column":2},"end":{"line":45,"column":39}},"7":{"start":{"line":49,"column":15},"end":{"line":54,"column":4}},"8":{"start":{"line":55,"column":2},"end":{"line":55,"column":30}},"9":{"start":{"line":62,"column":14},"end":{"line":70,"column":3}},"10":{"start":{"line":71,"column":2},"end":{"line":71,"column":38}},"11":{"start":{"line":79,"column":14},"end":{"line":79,"column":38}},"12":{"start":{"line":81,"column":4},"end":{"line":85,"column":42}},"13":{"start":{"line":86,"column":2},"end":{"line":125,"column":5}},"14":{"start":{"line":87,"column":4},"end":{"line":107,"column":5}},"15":{"start":{"line":88,"column":6},"end":{"line":106,"column":8}},"16":{"start":{"line":108,"column":4},"end":{"line":124,"column":5}},"17":{"start":{"line":109,"column":6},"end":{"line":123,"column":8}},"18":{"start":{"line":129,"column":2},"end":{"line":132,"column":5}},"19":{"start":{"line":130,"column":4},"end":{"line":130,"column":68}},"20":{"start":{"line":131,"column":4},"end":{"line":131,"column":69}},"21":{"start":{"line":136,"column":13},"end":{"line":136,"column":32}},"22":{"start":{"line":137,"column":14},"end":{"line":137,"column":38}},"23":{"start":{"line":138,"column":2},"end":{"line":142,"column":4}},"24":{"start":{"line":143,"column":2},"end":{"line":154,"column":4}},"25":{"start":{"line":158,"column":2},"end":{"line":163,"column":5}},"26":{"start":{"line":159,"column":4},"end":{"line":161,"column":6}},"27":{"start":{"line":162,"column":4},"end":{"line":162,"column":78}}},"fnMap":{"0":{"name":"rowToEntry","decl":{"start":{"line":19,"column":9},"end":{"line":19,"column":19}},"loc":{"start":{"line":19,"column":42},"end":{"line":33,"column":1}},"line":19},"1":{"name":"createEntry","decl":{"start":{"line":35,"column":22},"end":{"line":35,"column":33}},"loc":{"start":{"line":35,"column":80},"end":{"line":46,"column":1}},"line":35},"2":{"name":"(anonymous_2)","decl":{"start":{"line":38,"column":32},"end":{"line":38,"column":33}},"loc":{"start":{"line":38,"column":44},"end":{"line":44,"column":3}},"line":38},"3":{"name":"getEntries","decl":{"start":{"line":48,"column":22},"end":{"line":48,"column":32}},"loc":{"start":{"line":48,"column":81},"end":{"line":56,"column":1}},"line":48},"4":{"name":"getEntryById","decl":{"start":{"line":58,"column":22},"end":{"line":58,"column":34}},"loc":{"start":{"line":61,"column":28},"end":{"line":72,"column":1}},"line":61},"5":{"name":"updateEntry","decl":{"start":{"line":74,"column":22},"end":{"line":74,"column":33}},"loc":{"start":{"line":78,"column":17},"end":{"line":126,"column":1}},"line":78},"6":{"name":"(anonymous_6)","decl":{"start":{"line":86,"column":32},"end":{"line":86,"column":33}},"loc":{"start":{"line":86,"column":44},"end":{"line":125,"column":3}},"line":86},"7":{"name":"deleteEntry","decl":{"start":{"line":128,"column":22},"end":{"line":128,"column":33}},"loc":{"start":{"line":128,"column":88},"end":{"line":133,"column":1}},"line":128},"8":{"name":"(anonymous_8)","decl":{"start":{"line":129,"column":32},"end":{"line":129,"column":33}},"loc":{"start":{"line":129,"column":44},"end":{"line":132,"column":3}},"line":129},"9":{"name":"insertSeedEntry","decl":{"start":{"line":135,"column":22},"end":{"line":135,"column":37}},"loc":{"start":{"line":135,"column":80},"end":{"line":155,"column":1}},"line":135},"10":{"name":"deleteAll","decl":{"start":{"line":157,"column":22},"end":{"line":157,"column":31}},"loc":{"start":{"line":157,"column":74},"end":{"line":164,"column":1}},"line":157},"11":{"name":"(anonymous_11)","decl":{"start":{"line":158,"column":32},"end":{"line":158,"column":33}},"loc":{"start":{"line":158,"column":44},"end":{"line":163,"column":3}},"line":158}},"branchMap":{"0":{"loc":{"start":{"line":71,"column":9},"end":{"line":71,"column":37}},"type":"cond-expr","locations":[{"start":{"line":71,"column":15},"end":{"line":71,"column":30}},{"start":{"line":71,"column":33},"end":{"line":71,"column":37}}],"line":71},"1":{"loc":{"start":{"line":81,"column":4},"end":{"line":85,"column":42}},"type":"binary-expr","locations":[{"start":{"line":81,"column":4},"end":{"line":81,"column":35}},{"start":{"line":82,"column":4},"end":{"line":82,"column":34}},{"start":{"line":83,"column":4},"end":{"line":83,"column":35}},{"start":{"line":84,"column":4},"end":{"line":84,"column":34}},{"start":{"line":85,"column":4},"end":{"line":85,"column":42}}],"line":81},"2":{"loc":{"start":{"line":87,"column":4},"end":{"line":107,"column":5}},"type":"if","locations":[{"start":{"line":87,"column":4},"end":{"line":107,"column":5}},{"start":{},"end":{}}],"line":87},"3":{"loc":{"start":{"line":99,"column":10},"end":{"line":99,"column":35}},"type":"binary-expr","locations":[{"start":{"line":99,"column":10},"end":{"line":99,"column":27}},{"start":{"line":99,"column":31},"end":{"line":99,"column":35}}],"line":99},"4":{"loc":{"start":{"line":100,"column":10},"end":{"line":100,"column":34}},"type":"binary-expr","locations":[{"start":{"line":100,"column":10},"end":{"line":100,"column":26}},{"start":{"line":100,"column":30},"end":{"line":100,"column":34}}],"line":100},"5":{"loc":{"start":{"line":101,"column":10},"end":{"line":101,"column":35}},"type":"binary-expr","locations":[{"start":{"line":101,"column":10},"end":{"line":101,"column":27}},{"start":{"line":101,"column":31},"end":{"line":101,"column":35}}],"line":101},"6":{"loc":{"start":{"line":102,"column":10},"end":{"line":102,"column":34}},"type":"binary-expr","locations":[{"start":{"line":102,"column":10},"end":{"line":102,"column":26}},{"start":{"line":102,"column":30},"end":{"line":102,"column":34}}],"line":102},"7":{"loc":{"start":{"line":103,"column":10},"end":{"line":103,"column":42}},"type":"binary-expr","locations":[{"start":{"line":103,"column":10},"end":{"line":103,"column":34}},{"start":{"line":103,"column":38},"end":{"line":103,"column":42}}],"line":103},"8":{"loc":{"start":{"line":108,"column":4},"end":{"line":124,"column":5}},"type":"if","locations":[{"start":{"line":108,"column":4},"end":{"line":124,"column":5}},{"start":{},"end":{}}],"line":108},"9":{"loc":{"start":{"line":108,"column":8},"end":{"line":108,"column":77}},"type":"binary-expr","locations":[{"start":{"line":108,"column":8},"end":{"line":108,"column":40}},{"start":{"line":108,"column":44},"end":{"line":108,"column":77}}],"line":108},"10":{"loc":{"start":{"line":118,"column":10},"end":{"line":118,"column":80}},"type":"cond-expr","locations":[{"start":{"line":118,"column":46},"end":{"line":118,"column":72}},{"start":{"line":118,"column":76},"end":{"line":118,"column":80}}],"line":118},"11":{"loc":{"start":{"line":118,"column":46},"end":{"line":118,"column":72}},"type":"cond-expr","locations":[{"start":{"line":118,"column":67},"end":{"line":118,"column":68}},{"start":{"line":118,"column":71},"end":{"line":118,"column":72}}],"line":118},"12":{"loc":{"start":{"line":119,"column":10},"end":{"line":119,"column":37}},"type":"binary-expr","locations":[{"start":{"line":119,"column":10},"end":{"line":119,"column":29}},{"start":{"line":119,"column":33},"end":{"line":119,"column":37}}],"line":119}},"s":{"0":2,"1":1,"2":1,"3":1,"4":1,"5":1,"6":1,"7":2,"8":2,"9":1,"10":1,"11":4,"12":4,"13":4,"14":4,"15":2,"16":4,"17":2,"18":1,"19":1,"20":1,"21":1,"22":1,"23":1,"24":1,"25":1,"26":1,"27":1},"f":{"0":2,"1":1,"2":1,"3":2,"4":1,"5":4,"6":4,"7":1,"8":1,"9":1,"10":1,"11":1},"b":{"0":[1,0],"1":[4,2,2,2,2],"2":[2,2],"3":[2,0],"4":[2,1],"5":[2,2],"6":[2,2],"7":[2,2],"8":[2,2],"9":[4,2],"10":[2,0],"11":[1,1],"12":[2,1]},"_coverageSchema":"1a1c01bbd47fc00a2c39e90264f33305004495a9","hash":"32b33cba05b083f04da3f6fc0d45bfeaf55e77ba"}
,"F:\\cbt-toolkit\\cbt-toolkit-app\\src\\tools\\abc-model\\components\\AbcGraph.tsx": {"path":"F:\\cbt-toolkit\\cbt-toolkit-app\\src\\tools\\abc-model\\components\\AbcGraph.tsx","statementMap":{"0":{"start":{"line":15,"column":2},"end":{"line":15,"column":41}},"1":{"start":{"line":15,"column":29},"end":{"line":15,"column":41}},"2":{"start":{"line":16,"column":2},"end":{"line":16,"column":37}},"3":{"start":{"line":20,"column":10},"end":{"line":20,"column":13}},"4":{"start":{"line":21,"column":10},"end":{"line":21,"column":13}},"5":{"start":{"line":24,"column":10},"end":{"line":24,"column":42}},"6":{"start":{"line":25,"column":10},"end":{"line":25,"column":43}},"7":{"start":{"line":26,"column":11},"end":{"line":26,"column":43}},"8":{"start":{"line":27,"column":11},"end":{"line":27,"column":44}},"9":{"start":{"line":28,"column":11},"end":{"line":28,"column":44}},"10":{"start":{"line":31,"column":2},"end":{"line":31,"column":73}},"11":{"start":{"line":45,"column":16},"end":{"line":45,"column":52}},"12":{"start":{"line":46,"column":14},"end":{"line":46,"column":56}},"13":{"start":{"line":47,"column":14},"end":{"line":47,"column":56}},"14":{"start":{"line":48,"column":14},"end":{"line":48,"column":56}},"15":{"start":{"line":49,"column":14},"end":{"line":49,"column":56}},"16":{"start":{"line":50,"column":2},"end":{"line":50,"column":105}},"17":{"start":{"line":61,"column":13},"end":{"line":61,"column":79}},"18":{"start":{"line":62,"column":14},"end":{"line":62,"column":93}},"19":{"start":{"line":63,"column":14},"end":{"line":63,"column":93}},"20":{"start":{"line":64,"column":14},"end":{"line":64,"column":83}},"21":{"start":{"line":67,"column":14},"end":{"line":74,"column":3}},"22":{"start":{"line":75,"column":14},"end":{"line":82,"column":3}},"23":{"start":{"line":83,"column":14},"end":{"line":90,"column":3}},"24":{"start":{"line":92,"column":2},"end":{"line":230,"column":4}},"25":{"start":{"line":233,"column":15},"end":{"line":235,"column":2}}},"fnMap":{"0":{"name":"truncateNodeText","decl":{"start":{"line":14,"column":16},"end":{"line":14,"column":32}},"loc":{"start":{"line":14,"column":68},"end":{"line":17,"column":1}},"line":14},"1":{"name":"nodeRect","decl":{"start":{"line":30,"column":9},"end":{"line":30,"column":17}},"loc":{"start":{"line":30,"column":31},"end":{"line":32,"column":1}},"line":30},"2":{"name":"arrowPath","decl":{"start":{"line":38,"column":16},"end":{"line":38,"column":25}},"loc":{"start":{"line":44,"column":10},"end":{"line":51,"column":1}},"line":44},"3":{"name":"AbcGraph","decl":{"start":{"line":53,"column":16},"end":{"line":53,"column":24}},"loc":{"start":{"line":59,"column":37},"end":{"line":231,"column":1}},"line":59}},"branchMap":{"0":{"loc":{"start":{"line":14,"column":47},"end":{"line":14,"column":58}},"type":"default-arg","locations":[{"start":{"line":14,"column":56},"end":{"line":14,"column":58}}],"line":14},"1":{"loc":{"start":{"line":15,"column":2},"end":{"line":15,"column":41}},"type":"if","locations":[{"start":{"line":15,"column":2},"end":{"line":15,"column":41}},{"start":{},"end":{}}],"line":15},"2":{"loc":{"start":{"line":43,"column":2},"end":{"line":43,"column":10}},"type":"default-arg","locations":[{"start":{"line":43,"column":9},"end":{"line":43,"column":10}}],"line":43}},"s":{"0":13,"1":11,"2":2,"3":1,"4":1,"5":1,"6":1,"7":1,"8":1,"9":1,"10":10,"11":26,"12":26,"13":26,"14":26,"15":26,"16":26,"17":2,"18":2,"19":2,"20":2,"21":2,"22":2,"23":2,"24":2,"25":1},"f":{"0":13,"1":10,"2":26,"3":2},"b":{"0":[13],"1":[11,2],"2":[26]},"_coverageSchema":"1a1c01bbd47fc00a2c39e90264f33305004495a9","hash":"3ddc113ee8ef428f851836cbb511d528fe8cd905"}
,"F:\\cbt-toolkit\\cbt-toolkit-app\\src\\tools\\abc-model\\hooks\\useAbcEntries.ts": {"path":"F:\\cbt-toolkit\\cbt-toolkit-app\\src\\tools\\abc-model\\hooks\\useAbcEntries.ts","statementMap":{"0":{"start":{"line":7,"column":32},"end":{"line":7,"column":56}},"1":{"start":{"line":8,"column":32},"end":{"line":8,"column":46}},"2":{"start":{"line":10,"column":18},"end":{"line":19,"column":26}},"3":{"start":{"line":11,"column":4},"end":{"line":11,"column":20}},"4":{"start":{"line":11,"column":13},"end":{"line":11,"column":20}},"5":{"start":{"line":12,"column":4},"end":{"line":12,"column":47}},"6":{"start":{"line":12,"column":30},"end":{"line":12,"column":47}},"7":{"start":{"line":13,"column":4},"end":{"line":18,"column":5}},"8":{"start":{"line":14,"column":19},"end":{"line":14,"column":44}},"9":{"start":{"line":15,"column":6},"end":{"line":15,"column":23}},"10":{"start":{"line":17,"column":6},"end":{"line":17,"column":24}},"11":{"start":{"line":21,"column":2},"end":{"line":23,"column":16}},"12":{"start":{"line":22,"column":4},"end":{"line":22,"column":14}},"13":{"start":{"line":25,"column":2},"end":{"line":25,"column":39}},"14":{"start":{"line":29,"column":28},"end":{"line":29,"column":59}},"15":{"start":{"line":30,"column":32},"end":{"line":30,"column":46}},"16":{"start":{"line":32,"column":2},"end":{"line":39,"column":15}},"17":{"start":{"line":33,"column":4},"end":{"line":33,"column":20}},"18":{"start":{"line":33,"column":13},"end":{"line":33,"column":20}},"19":{"start":{"line":34,"column":4},"end":{"line":34,"column":21}},"20":{"start":{"line":35,"column":4},"end":{"line":38,"column":40}},"21":{"start":{"line":38,"column":21},"end":{"line":38,"column":38}},"22":{"start":{"line":41,"column":2},"end":{"line":41,"column":28}}},"fnMap":{"0":{"name":"useAbcEntries","decl":{"start":{"line":6,"column":16},"end":{"line":6,"column":29}},"loc":{"start":{"line":6,"column":64},"end":{"line":26,"column":1}},"line":6},"1":{"name":"(anonymous_1)","decl":{"start":{"line":10,"column":30},"end":{"line":10,"column":31}},"loc":{"start":{"line":10,"column":42},"end":{"line":19,"column":3}},"line":10},"2":{"name":"(anonymous_2)","decl":{"start":{"line":21,"column":12},"end":{"line":21,"column":13}},"loc":{"start":{"line":21,"column":18},"end":{"line":23,"column":3}},"line":21},"3":{"name":"useAbcEntry","decl":{"start":{"line":28,"column":16},"end":{"line":28,"column":27}},"loc":{"start":{"line":28,"column":74},"end":{"line":42,"column":1}},"line":28},"4":{"name":"(anonymous_4)","decl":{"start":{"line":32,"column":12},"end":{"line":32,"column":13}},"loc":{"start":{"line":32,"column":18},"end":{"line":39,"column":3}},"line":32},"5":{"name":"(anonymous_5)","decl":{"start":{"line":38,"column":15},"end":{"line":38,"column":16}},"loc":{"start":{"line":38,"column":21},"end":{"line":38,"column":38}},"line":38}},"branchMap":{"0":{"loc":{"start":{"line":11,"column":4},"end":{"line":11,"column":20}},"type":"if","locations":[{"start":{"line":11,"column":4},"end":{"line":11,"column":20}},{"start":{},"end":{}}],"line":11},"1":{"loc":{"start":{"line":12,"column":4},"end":{"line":12,"column":47}},"type":"if","locations":[{"start":{"line":12,"column":4},"end":{"line":12,"column":47}},{"start":{},"end":{}}],"line":12},"2":{"loc":{"start":{"line":33,"column":4},"end":{"line":33,"column":20}},"type":"if","locations":[{"start":{"line":33,"column":4},"end":{"line":33,"column":20}},{"start":{},"end":{}}],"line":33}},"s":{"0":6,"1":6,"2":6,"3":4,"4":1,"5":3,"6":2,"7":3,"8":3,"9":3,"10":3,"11":6,"12":4,"13":6,"14":3,"15":3,"16":3,"17":2,"18":1,"19":1,"20":1,"21":1,"22":3},"f":{"0":6,"1":4,"2":4,"3":3,"4":2,"5":1},"b":{"0":[1,3],"1":[2,1],"2":[1,1]},"_coverageSchema":"1a1c01bbd47fc00a2c39e90264f33305004495a9","hash":"5a8c29463e98458ef6cfb3f9af27956002ae1d36"}
,"F:\\cbt-toolkit\\cbt-toolkit-app\\src\\tools\\abc-model\\i18n\\pl.ts": {"path":"F:\\cbt-toolkit\\cbt-toolkit-app\\src\\tools\\abc-model\\i18n\\pl.ts","statementMap":{"0":{"start":{"line":1,"column":18},"end":{"line":70,"column":1}},"1":{"start":{"line":31,"column":30},"end":{"line":31,"column":55}}},"fnMap":{"0":{"name":"(anonymous_0)","decl":{"start":{"line":31,"column":15},"end":{"line":31,"column":16}},"loc":{"start":{"line":31,"column":30},"end":{"line":31,"column":55}},"line":31}},"branchMap":{},"s":{"0":1,"1":0},"f":{"0":0},"b":{},"_coverageSchema":"1a1c01bbd47fc00a2c39e90264f33305004495a9","hash":"813a77a58fe606cb89257eb9fd63d810cef1be2f"}
,"F:\\cbt-toolkit\\cbt-toolkit-app\\src\\tools\\abc-model\\screens\\NewAbcFlow.tsx": {"path":"F:\\cbt-toolkit\\cbt-toolkit-app\\src\\tools\\abc-model\\screens\\NewAbcFlow.tsx","statementMap":{"0":{"start":{"line":25,"column":20},"end":{"line":25,"column":21}},"1":{"start":{"line":41,"column":13},"end":{"line":41,"column":31}},"2":{"start":{"line":42,"column":26},"end":{"line":42,"column":37}},"3":{"start":{"line":43,"column":30},"end":{"line":43,"column":45}},"4":{"start":{"line":44,"column":17},"end":{"line":44,"column":28}},"5":{"start":{"line":45,"column":28},"end":{"line":52,"column":4}},"6":{"start":{"line":54,"column":22},"end":{"line":54,"column":35}},"7":{"start":{"line":56,"column":2},"end":{"line":78,"column":23}},"8":{"start":{"line":57,"column":4},"end":{"line":57,"column":36}},"9":{"start":{"line":57,"column":29},"end":{"line":57,"column":36}},"10":{"start":{"line":58,"column":4},"end":{"line":58,"column":31}},"11":{"start":{"line":59,"column":4},"end":{"line":77,"column":9}},"12":{"start":{"line":60,"column":6},"end":{"line":76,"column":7}},"13":{"start":{"line":61,"column":22},"end":{"line":61,"column":61}},"14":{"start":{"line":62,"column":8},"end":{"line":72,"column":9}},"15":{"start":{"line":63,"column":10},"end":{"line":70,"column":13}},"16":{"start":{"line":71,"column":10},"end":{"line":71,"column":21}},"17":{"start":{"line":74,"column":32},"end":{"line":74,"column":58}},"18":{"start":{"line":75,"column":8},"end":{"line":75,"column":61}},"19":{"start":{"line":75,"column":28},"end":{"line":75,"column":58}},"20":{"start":{"line":80,"column":17},"end":{"line":82,"column":8}},"21":{"start":{"line":81,"column":4},"end":{"line":81,"column":54}},"22":{"start":{"line":81,"column":24},"end":{"line":81,"column":51}},"23":{"start":{"line":84,"column":21},"end":{"line":100,"column":17}},"24":{"start":{"line":85,"column":4},"end":{"line":85,"column":31}},"25":{"start":{"line":85,"column":24},"end":{"line":85,"column":31}},"26":{"start":{"line":86,"column":4},"end":{"line":86,"column":20}},"27":{"start":{"line":87,"column":4},"end":{"line":99,"column":5}},"28":{"start":{"line":88,"column":6},"end":{"line":93,"column":9}},"29":{"start":{"line":94,"column":6},"end":{"line":94,"column":17}},"30":{"start":{"line":96,"column":6},"end":{"line":96,"column":77}},"31":{"start":{"line":98,"column":6},"end":{"line":98,"column":23}},"32":{"start":{"line":102,"column":21},"end":{"line":119,"column":17}},"33":{"start":{"line":103,"column":4},"end":{"line":103,"column":31}},"34":{"start":{"line":103,"column":24},"end":{"line":103,"column":31}},"35":{"start":{"line":104,"column":4},"end":{"line":104,"column":20}},"36":{"start":{"line":105,"column":4},"end":{"line":118,"column":5}},"37":{"start":{"line":106,"column":6},"end":{"line":112,"column":9}},"38":{"start":{"line":113,"column":6},"end":{"line":113,"column":61}},"39":{"start":{"line":115,"column":6},"end":{"line":115,"column":76}},"40":{"start":{"line":117,"column":6},"end":{"line":117,"column":23}},"41":{"start":{"line":121,"column":2},"end":{"line":127,"column":3}},"42":{"start":{"line":122,"column":4},"end":{"line":126,"column":6}},"43":{"start":{"line":129,"column":2},"end":{"line":167,"column":4}},"44":{"start":{"line":177,"column":2},"end":{"line":205,"column":4}},"45":{"start":{"line":183,"column":29},"end":{"line":183,"column":51}},"46":{"start":{"line":193,"column":29},"end":{"line":193,"column":50}},"47":{"start":{"line":215,"column":2},"end":{"line":253,"column":4}},"48":{"start":{"line":221,"column":29},"end":{"line":221,"column":51}},"49":{"start":{"line":231,"column":29},"end":{"line":231,"column":50}},"50":{"start":{"line":241,"column":29},"end":{"line":241,"column":58}},"51":{"start":{"line":256,"column":15},"end":{"line":281,"column":2}}},"fnMap":{"0":{"name":"NewAbcFlow","decl":{"start":{"line":40,"column":16},"end":{"line":40,"column":26}},"loc":{"start":{"line":40,"column":69},"end":{"line":168,"column":1}},"line":40},"1":{"name":"(anonymous_1)","decl":{"start":{"line":56,"column":12},"end":{"line":56,"column":13}},"loc":{"start":{"line":56,"column":18},"end":{"line":78,"column":3}},"line":56},"2":{"name":"(anonymous_2)","d
[...]
,"end":{"line":383,"column":5}},"type":"if","locations":[{"start":{"line":380,"column":4},"end":{"line":383,"column":5}},{"start":{},"end":{}}],"line":380},"22":{"loc":{"start":{"line":390,"column":4},"end":{"line":390,"column":70}},"type":"if","locations":[{"start":{"line":390,"column":4},"end":{"line":390,"column":70}},{"start":{},"end":{}}],"line":390},"23":{"loc":{"start":{"line":391,"column":4},"end":{"line":398,"column":5}},"type":"if","locations":[{"start":{"line":391,"column":4},"end":{"line":398,"column":5}},{"start":{},"end":{}}],"line":391},"24":{"loc":{"start":{"line":407,"column":2},"end":{"line":413,"column":3}},"type":"if","locations":[{"start":{"line":407,"column":2},"end":{"line":413,"column":3}},{"start":{},"end":{}}],"line":407},"25":{"loc":{"start":{"line":415,"column":2},"end":{"line":421,"column":3}},"type":"if","locations":[{"start":{"line":415,"column":2},"end":{"line":421,"column":3}},{"start":{},"end":{}}],"line":415},"26":{"loc":{"start":{"line":426,"column":16},"end":{"line":426,"column":60}},"type":"cond-expr","locations":[{"start":{"line":426,"column":40},"end":{"line":426,"column":49}},{"start":{"line":426,"column":52},"end":{"line":426,"column":60}}],"line":426},"27":{"loc":{"start":{"line":439,"column":11},"end":{"line":446,"column":11}},"type":"cond-expr","locations":[{"start":{"line":440,"column":12},"end":{"line":440,"column":59}},{"start":{"line":442,"column":12},"end":{"line":445,"column":19}}],"line":439},"28":{"loc":{"start":{"line":449,"column":37},"end":{"line":449,"column":85}},"type":"binary-expr","locations":[{"start":{"line":449,"column":37},"end":{"line":449,"column":64}},{"start":{"line":449,"column":68},"end":{"line":449,"column":85}}],"line":449}},"s":{"0":1,"1":22,"2":1,"3":9,"4":9,"5":9,"6":9,"7":0,"8":0,"9":0,"10":0,"11":0,"12":0,"13":0,"14":0,"15":0,"16":0,"17":0,"18":0,"19":0,"20":0,"21":0,"22":9,"23":9,"24":0,"25":0,"26":0,"27":0,"28":0,"29":0,"30":0,"31":0,"32":0,"33":0,"34":0,"35":12,"36":12,"37":12,"38":12,"39":12,"40":12,"41":12,"42":12,"43":12,"44":12,"45":12,"46":0,"47":0,"48":0,"49":12,"50":12,"51":0,"52":12,"53":11,"54":0,"55":11,"56":10,"57":11,"58":12,"59":0,"60":0,"61":0,"62":0,"63":0,"64":0,"65":0,"66":0,"67":0,"68":0,"69":0,"70":0,"71":0,"72":0,"73":0,"74":0,"75":0,"76":0,"77":0,"78":0,"79":0,"80":0,"81":0,"82":0,"83":0,"84":0,"85":0,"86":0,"87":0,"88":0,"89":0,"90":9,"91":0,"92":9,"93":0,"94":9,"95":12,"96":3,"97":9,"98":0,"99":9,"100":1},"f":{"0":22,"1":9,"2":0,"3":0,"4":0,"5":0,"6":0,"7":0,"8":0,"9":0,"10":0,"11":0,"12":0,"13":0,"14":0,"15":9,"16":0,"17":0,"18":0,"19":0,"20":12,"21":12,"22":0,"23":0,"24":12,"25":11,"26":10,"27":11,"28":0,"29":0,"30":0,"31":0,"32":0,"33":0,"34":0,"35":9},"b":{"0":[9,0],"1":[0,0],"2":[0,0],"3":[0,0],"4":[0,0],"5":[0,0],"6":[0,0],"7":[9,0,0,0,0,0,0,0],"8":[12,0],"9":[12,0],"10":[0,12],"11":[0,11],"12":[10,10],"13":[10,10],"14":[0,0],"15":[0,0],"16":[0,0],"17":[0,0],"18":[0,0],"19":[0,0],"20":[0,0],"21":[0,0],"22":[0,9],"23":[0,9],"24":[3,9],"25":[0,9],"26":[9,0],"27":[9,0],"28":[9,0]},"_coverageSchema":"1a1c01bbd47fc00a2c39e90264f33305004495a9","hash":"c0f90bd2633c3b3557030eb521a312eaedc1c5d6"}
,"F:\\cbt-toolkit\\cbt-toolkit-app\\src\\tools\\thought-record\\screens\\RecordDetailScreen.tsx": {"path":"F:\\cbt-toolkit\\cbt-toolkit-app\\src\\tools\\thought-record\\screens\\RecordDetailScreen.tsx","statementMap":{"0":{"start":{"line":28,"column":13},"end":{"line":28,"column":31}},"1":{"start":{"line":29,"column":30},"end":{"line":29,"column":54}},"2":{"start":{"line":31,"column":24},"end":{"line":51,"column":14}},"3":{"start":{"line":32,"column":4},"end":{"line":50,"column":6}},"4":{"start":{"line":41,"column":12},"end":{"line":46,"column":13}},"5":{"start":{"line":42,"column":14},"end":{"line":42,"column":46}},"6":{"start":{"line":43,"column":14},"end":{"line":43,"column":28}},"7":{"start":{"line":45,"column":14},"end":{"line":45,"column":83}},"8":{"start":{"line":53,"column":2},"end":{"line":59,"column":3}},"9":{"start":{"line":54,"column":4},"end":{"line":58,"column":6}},"10":{"start":{"line":61,"column":2},"end":{"line":67,"column":3}},"11":{"start":{"line":62,"column":4},"end":{"line":66,"column":6}},"12":{"start":{"line":69,"column":24},"end":{"line":71,"column":86}},"13":{"start":{"line":73,"column":19},"end":{"line":80,"column":3}},"14":{"start":{"line":82,"column":2},"end":{"line":176,"column":4}},"15":{"start":{"line":101,"column":29},"end":{"line":101,"column":81}},"16":{"start":{"line":116,"column":29},"end":{"line":116,"column":78}},"17":{"start":{"line":139,"column":40},"end":{"line":139,"column":81}},"18":{"start":{"line":146,"column":10},"end":{"line":155,"column":27}},"19":{"start":{"line":161,"column":27},"end":{"line":161,"column":76}},"20":{"start":{"line":180,"column":17},"end":{"line":180,"column":40}},"21":{"start":{"line":181,"column":16},"end":{"line":181,"column":38}},"22":{"start":{"line":182,"column":19},"end":{"line":182,"column":56}},"23":{"start":{"line":184,"column":2},"end":{"line":195,"column":4}},"24":{"start":{"line":207,"column":2},"end":{"line":223,"column":4}},"25":{"start":{"line":226,"column":15},"end":{"line":325,"column":2}}},"fnMap":{"0":{"name":"RecordDetailScreen","decl":{"start":{"line":27,"column":16},"end":{"line":27,"column":34}},"loc":{"start":{"line":27,"column":69},"end":{"line":177,"column":1}},"line":27},"1":{"name":"(anonymous_1)","decl":{"start":{"line":31,"column":36},"end":{"line":31,"column":37}},"loc":{"start":{"line":31,"column":42},"end":{"line":51,"column":3}},"line":31},"2":{"name":"(anonymous_2)","decl":{"start":{"line":40,"column":19},"end":{"line":40,"column":20}},"loc":{"start":{"line":40,"column":31},"end":{"line":47,"column":11}},"line":40},"3":{"name":"(anonymous_3)","decl":{"start":{"line":101,"column":23},"end":{"line":101,"column":24}},"loc":{"start":{"line":101,"column":29},"end":{"line":101,"column":81}},"line":101},"4":{"name":"(anonymous_4)","decl":{"start":{"line":116,"column":23},"end":{"line":116,"column":24}},"loc":{"start":{"line":116,"column":29},"end":{"line":116,"column":78}},"line":116},"5":{"name":"(anonymous_5)","decl":{"start":{"line":139,"column":32},"end":{"line":139,"column":33}},"loc":{"start":{"line":139,"column":40},"end":{"line":139,"column":81}},"line":139},"6":{"name":"(anonymous_6)","decl":{"start":{"line":145,"column":22},"end":{"line":145,"column":23}},"loc":{"start":{"line":146,"column":10},"end":{"line":155,"column":27}},"line":146},"7":{"name":"(anonymous_7)","decl":{"start":{"line":161,"column":21},"end":{"line":161,"column":22}},"loc":{"start":{"line":161,"column":27},"end":{"line":161,"column":76}},"line":161},"8":{"name":"EmotionRow","decl":{"start":{"line":179,"column":9},"end":{"line":179,"column":19}},"loc":{"start":{"line":179,"column":55},"end":{"line":196,"column":1}},"line":179},"9":{"name":"IntensityBar","decl":{"start":{"line":198,"column":9},"end":{"line":198,"column":21}},"loc":{"start":{"line":206,"column":3},"end":{"line":224,"column":1}},"line":206}},"branchMap":{"0":{"loc":{"start":{"line":53,"column":2},"end":{"line":59,"column":3}},"type":"if","locations":[{"start":{"line":53,"column":2},"end":{"line":59,"column":3}},{"start":{},"end":{}}],"line":53},"1":{"loc":{"start":{"line":61,"column":2},"end":{"line":67,"column":3}},"type":"if","locations":[{"start":{"line":61,"column":2},"end":{"line":67,"column":3}},{"start":{},"end":{}}],"line":61},"2":{"loc":{"start":{"line":69,"column":24},"end":{"line":71,"column":86}},"type":"cond-expr","locations":[{"start":{"line":70,"column":6},"end":{"line":70,"column":82}},{"start":{"line":71,"column":6},"end":{"line":71,"column":86}}],"line":69},"3":{"loc":{"start":{"line":79,"column":47},"end":{"line":79,"column":67}},"type":"binary-expr","locations":[{"start":{"line":79,"column":47},"end":{"line":79,"column":61}},{"start":{"line":79,"column":65},"end":{"line":79,"column":67}}],"line":79},"4":{"loc":{"start":{"line":88,"column":13},"end":{"line":96,"column":13}},"type":"cond-expr","locations":[{"start":{"line":89,"column":14},"end":{"line":91,"column":21}},{"start":{"line":93,"column":14},"end":{"line":95,"column":21}}],"line":88},"5":{"loc":{"start":{"line":136,"column":11},"end":{"line":140,"column":11}},"type":"cond-expr","locations":[{"start":{"line":137,"column":12},"end":{"line":137,"column":81}},{"start":{"line":139,"column":12},"end":{"line":139,"column":82}}],"line":136},"6":{"loc":{"start":{"line":150,"column":69},"end":{"line":150,"column":128}},"type":"binary-expr","locations":[{"start":{"line":150,"column":69},"end":{"line":150,"column":78}},{"start":{"line":150,"column":82},"end":{"line":150,"column":128}}],"line":150},"7":{"loc":{"start":{"line":151,"column":17},"end":{"line":151,"column":32}},"type":"binary-expr","locations":[{"start":{"line":151,"column":17},"end":{"line":151,"column":25}},{"start":{"line":151,"column":29},"end":{"line":151,"column":32}}],"line":151},"8":{"loc":{"start":{"line":154,"column":13},"end":{"line":154,"column":109}},"type":"binary-expr","locations":[{"start":{"line":154,"column":13},"end":{"line":154,"column":36}},{"start":{"line":154,"column":40},"end":{"line":154,"column":109}}],"line":154},"9":{"loc":{"start":{"line":182,"column":19},"end":{"line":182,"column":56}},"type":"binary-expr","locations":[{"start":{"line":182,"column":19},"end":{"line":182,"column":38}},{"start":{"line":182,"column":42},"end":{"line":182,"column":56}}],"line":182},"10":{"loc":{"start":{"line":188,"column":9},"end":{"line":188,"column":91}},"type":"binary-expr","locations":[{"start":{"line":188,"column":9},"end":{"line":188,"column":17}},{"start":{"line":188,"column":21},"end":{"line":188,"column":91}}],"line":188},"11":{"loc":{"start":{"line":192,"column":9},"end":{"line":192,"column":80}},"type":"binary-expr","locations":[{"start":{"line":192,"column":9},"end":{"line":192,"column":28}},{"start":{"line":192,"column":32},"end":{"line":192,"column":80}}],"line":192},"12":{"loc":{"start":{"line":216,"column":31},"end":{"line":216,"column":80}},"type":"cond-expr","locations":[{"start":{"line":216,"column":40},"end":{"line":216,"column":53}},{"start":{"line":216,"column":56},"end":{"line":216,"column":80}}],"line":216}},"s":{"0":10,"1":10,"2":10,"3":2,"4":1,"5":1,"6":1,"7":0,"8":10,"9":1,"10":9,"11":1,"12":8,"13":8,"14":8,"15":1,"16":1,"17":5,"18":48,"19":1,"20":5,"21":5,"22":5,"23":5,"24":8,"25":2},"f":{"0":10,"1":2,"2":1,"3":1,"4":1,"5":5,"6":48,"7":1,"8":5,"9":8},"b":{"0":[1,9],"1":[1,8],"2":[3,5],"3":[8,3],"4":[7,1],"5":[3,5],"6":[48,15],"7":[48,15],"8":[48,40],"9":[5,3],"10":[5,3],"11":[5,3],"12":[3,5]},"_coverageSchema":"1a1c01bbd47fc00a2c39e90264f33305004495a9","hash":"5e8bae2c778318236ad0b4c4699e056ea8c3813d"}
,"F:\\cbt-toolkit\\cbt-toolkit-app\\src\\tools\\thought-record\\screens\\RecordListScreen.tsx": {"path":"F:\\cbt-toolkit\\cbt-toolkit-app\\src\\tools\\thought-record\\screens\\RecordListScreen.tsx","statementMap":{"0":{"start":{"line":16,"column":23},"end":{"line":16,"column":57}},"1":{"start":{"line":19,"column":13},"end":{"line":19,"column":31}},"2":{"start":{"line":20,"column":40},"end":{"line":20,"column":61}},"3":{"start":{"line":21,"column":17},"end":{"line":21,"column":28}},"4":{"start":{"line":22,"column":28},"end":{"line":22,"column":40}},"5":{"start":{"line":24,"column":2},"end":{"line":28,"column":4}},"6":{"start":{"line":26,"column":6},"end":{"line":26,"column":16}},"7":{"start":{"line":31,"column":2},"end":{"line":44,"column":36}},"8":{"start":{"line":32,"column":4},"end":{"line":32,"column":35}},"9":{"start":{"line":32,"column":28},"end":{"line":32,"column":35}},"10":{"start":{"line":33,"column":4},"end":{"line":43,"column":9}},"11":{"start":{"line":34,"column":6},"end":{"line":42,"column":7}},"12":{"start":{"line":35,"column":20},"end":{"line":35,"column":62}},"13":{"start":{"line":36,"column":8},"end":{"line":36,"column":33}},"14":{"start":{"line":36,"column":26},"end":{"line":36,"column":33}},"15":{"start":{"line":37,"column":8},"end":{"line":37,"column":35}},"16":{"start":{"line":38,"column":8},"end":{"line":38,"column":56}},"17":{"start":{"line":39,"column":8},"end":{"line":39,"column":18}},"18":{"start":{"line":47,"column":19},"end":{"line":55,"column":22}},"19":{"start":{"line":48,"column":4},"end":{"line":48,"column":31}},"20":{"start":{"line":48,"column":16},"end":{"line":48,"column":31}},"21":{"start":{"line":49,"column":14},"end":{"line":49,"column":33}},"22":{"start":{"line":50,"column":4},"end":{"line":54,"column":6}},"23":{"start":{"line":52,"column":8},"end":{"line":53,"column":64}},"24":{"start":{"line":53,"column":31},"end":{"line":53,"column":63}},"25":{"start":{"line":57,"column":21},"end":{"line":60,"column":3}},"26":{"start":{"line":58,"column":21},"end":{"line":58,"column":87}},"27":{"start":{"line":62,"column":21},"end":{"line":116,"column":3}},"28":{"start":{"line":64,"column":27},"end":{"line":64,"column":59}},"29":{"start":{"line":64,"column":52},"end":{"line":64,"column":58}},"30":{"start":{"line":65,"column":6},"end":{"line":113,"column":8}},"31":{"start":{"line":68,"column":25},"end":{"line":68,"column":74}},"32":{"start":{"line":99,"column":16},"end":{"line":101,"column":23}},"33":{"start":{"line":118,"column":2},"end":{"line":118,"column":56}},"34":{"start":{"line":118,"column":15},"end":{"line":118,"column":56}},"35":{"start":{"line":120,"column":20},"end":{"line":120,"column":41}},"36":{"start":{"line":121,"column":24},"end":{"line":121,"column":53}},"37":{"start":{"line":123,"column":2},"end":{"line":156,"column":4}},"38":{"start":{"line":142,"column":34},"end":{"line":142,"column":41}},"39":{"start":{"line":150,"column":23},"end":{"line":150,"column":65}},"40":{"start":{"line":159,"column":15},"end":{"line":234,"column":2}}},"fnMap":{"0":{"name":"RecordListScreen","decl":{"start":{"line":18,"column":16},"end":{"line":18,"column":32}},"loc":{"start":{"line":18,"column":54},"end":{"line":157,"column":1}},"line":18},"1":{"name":"(anonymous_1)","decl":{"start":{"line":25,"column":16},"end":{"line":25,"column":17}},"loc":{"start":{"line":25,"column":22},"end":{"line":27,"column":5}},"line":25},"2":{"name":"(anonymous_2)","decl":{"start":{"line":31,"column":12},"end":{"line":31,"column":13}},"loc":{"start":{"line":31,"column":18},"end":{"line":44,"column":3}},"line":31},"3":{"name":"(anonymous_3)","decl":{"start":{"line":33,"column":5},"end":{"line":33,"column":6}},"loc":{"start":{"line":33,"column":17},"end":{"line":43,"column":5}},"line":33},"4":{"name":"(anonymous_4)","decl":{"start":{"line":47,"column":27},"end":{"line":47,"column":28}},"loc":{"start":{"line":47,"column":33},"end":{"line":55,"column":3}},"line":47},"5":{"name":"(anonymous_5)","decl":{"start":{"line":51,"column":6},"end":{"line":51,"column":7}},"loc":{"start":{"line":52,"column":8},"end":{"line":53,"column":64}},"line":52},"6":{"name":"(anonymous_6)","decl":{"start":{"line":53,"column":24},"end":{"line":53,"column":25}},"loc":{"start":{"line":53,"column":31},"end":{"line":53,"column":63}},"line":53},"7":{"name":"(anonymous_7)","decl":{"start":{"line":58,"column":4},"end":{"line":58,"column":5}},"loc":{"start":{"line":58,"column":21},"end":{"line":58,"column":87}},"line":58},"8":{"name":"(anonymous_8)","decl":{"start":{"line":63,"column":4},"end":{"line":63,"column":5}},"loc":{"start":{"line":63,"column":43},"end":{"line":114,"column":5}},"line":63},"9":{"name":"(anonymous_9)","decl":{"start":{"line":64,"column":45},"end":{"line":64,"column":46}},"loc":{"start":{"line":64,"column":52},"end":{"line":64,"column":58}},"line":64},"10":{"name":"(anonymous_10)","decl":{"start":{"line":68,"column":19},"end":{"line":68,"column":20}},"loc":{"start":{"line":68,"column":25},"end":{"line":68,"column":74}},"line":68},"11":{"name":"(anonymous_11)","decl":{"start":{"line":98,"column":44},"end":{"line":98,"column":45}},"loc":{"start":{"line":99,"column":16},"end":{"line":101,"column":23}},"line":99},"12":{"name":"(anonymous_12)","decl":{"start":{"line":142,"column":24},"end":{"line":142,"column":25}},"loc":{"start":{"line":142,"column":34},"end":{"line":142,"column":41}},"line":142},"13":{"name":"(anonymous_13)","decl":{"start":{"line":150,"column":17},"end":{"line":150,"column":18}},"loc":{"start":{"line":150,"column":23},"end":{"line":150,"column":65}},"line":150}},"branchMap":{"0":{"loc":{"start":{"line":32,"column":4},"end":{"line":32,"column":35}},"type":"if","locations":[{"start":{"line":32,"column":4},"end":{"line":32,"column":35}},{"start":{},"end":{}}],"line":32},"1":{"loc":{"start":{"line":36,"column":8},"end":{"line":36,"column":33}},"type":"if","locations":[{"start":{"line":36,"column":8},"end":{"line":36,"column":33}},{"start":{},"end":{}}],"line":36},"2":{"loc":{"start":{"line":48,"column":4},"end":{"line":48,"column":31}},"type":"if","locations":[{"start":{"line":48,"column":4},"end":{"line":48,"column":31}},{"start":{},"end":{}}],"line":48},"3":{"loc":{"start":{"line":52,"column":8},"end":{"line":53,"column":64}},"type":"binary-expr","locations":[{"start":{"line":52,"column":8},"end":{"line":52,"column":45}},{"start":{"line":53,"column":8},"end":{"line":53,"column":64}}],"line":52},"4":{"loc":{"start":{"line":73,"column":13},"end":{"line":87,"column":13}},"type":"cond-expr","locations":[{"start":{"line":74,"column":14},"end":{"line":78,"column":21}},{"start":{"line":79,"column":16},"end":{"line":87,"column":13}}],"line":73},"5":{"loc":{"start":{"line":79,"column":16},"end":{"line":87,"column":13}},"type":"cond-expr","locations":[{"start":{"line":80,"column":14},"end":{"line":82,"column":21}},{"start":{"line":84,"column":14},"end":{"line":86,"column":21}}],"line":79},"6":{"loc":{"start":{"line":89,"column":11},"end":{"line":95,"column":11}},"type":"cond-expr","locations":[{"start":{"line":90,"column":12},"end":{"line":92,"column":19}},{"start":{"line":94,"column":12},"end":{"line":94,"column":94}}],"line":89},"7":{"loc":{"start":{"line":96,"column":11},"end":{"line":111,"column":11}},"type":"binary-expr","locations":[{"start":{"line":96,"column":11},"end":{"line":96,"column":34}},{"start":{"line":97,"column":12},"end":{"line":110,"column":19}}],"line":96},"8":{"loc":{"start":{"line":103,"column":15},"end":{"line":109,"column":15}},"type":"binary-expr","locations":[{"start":{"line":103,"column":15},"end":{"line":103,"column":38}},{"start":{"line":104,"column":16},"end":{"line":108,"column":23}}],"line":103},"9":{"loc":{"start":{"line":118,"column":2},"end":{"line":118,"column":56}},"type":"if","locations":[{"start":{"line":118,"column":2},"end":{"line":118,"column":56}},{"start":{},"end":{}}],"line":118},"10":{"loc":{"start":{"line":121,"column":24},"end":{"line":121,"column":53}},"type":"binary-expr","locations":[{"start":{"line":121,"column":24},"end":{"line":121,"column":33}},{"start":{"line":121,"column":37},"end":{"line":121,"column":53}}],"line":121},"11":{"loc":{"start":{"line":127,"column":7},"end":{"line":146,"column":7}},"type":"cond-expr","locations":[{"start":{"line":128,"column":8},"end":{"line":138,"column":15}},{"start":{"line":140,"column":8},"end":{"line":145,"column":10}}],"line":127},"12":{"loc":{"start":{"line":130,"column":11},"end":{"line":137,"column":11}},"type":"cond-expr","locations":[{"start":{"line":131,"column":12},"end":{"line":131,"column":78}},{"start":{"line":133,"column":12},"end":{"line":136,"column":15}}],"line":130}},"s":{"0":2,"1":17,"2":17,"3":17,"4":17,"5":17,"6":17,"7":17,"8":17,"9":11,"10":6,"11":6,"12":6,"13":6,"14":4,"15":2,"16":2,"17":2,"18":17,"19":17,"20":13,"21":4,"22":4,"23":8,"24":6,"25":17,"26":16,"27":17,"28":16,"29":15,"30":16,"31":1,"32":15,"33":17,"34":0,"35":17,"36":17,"37":17,"38":26,"39":1,"40":2},"f":{"0":17,"1":17,"2":17,"3":6,"4":17,"5":8,"6":6,"7":16,"8":16,"9":15,"10":1,"11":15,"12":26,"13":1},"b":{"0":[11,6],"1":[4,2],"2":[13,4],"3":[8,6],"4":[0,16],"5":[16,0],"6":[16,0],"7":[16,15],"8":[15,0],"9":[0,17],"10":[17,7],"11":[7,10],"12":[1,6]},"_coverageSchema":"1a1c01bbd47fc00a2c39e90264f33305004495a9","hash":"f5f49be12b98391b95a2f49847b0716552cebe09"}
}
