TN:
SF:src\app\settings\index.tsx
FN:35,SettingsScreen
FN:55,(anonymous_1)
FN:62,(anonymous_2)
FN:69,(anonymous_3)
FN:71,handleToggleReminder
FN:79,(anonymous_5)
FN:92,handlePickerChange
FN:102,(anonymous_7)
FN:110,commitTimeChange
FN:119,handleExport
FN:127,handleImport
FN:139,handleDeleteAll
FN:145,(anonymous_12)
FN:242,(anonymous_13)
FN:266,(anonymous_14)
FN:270,(anonymous_15)
FN:343,(anonymous_16)
FN:352,(anonymous_17)
FN:362,(anonymous_18)
FN:383,(anonymous_19)
FN:392,(anonymous_20)
FN:401,(anonymous_21)
FN:411,(anonymous_22)
FNF:23
FNH:5
FNDA:3,SettingsScreen
FNDA:3,(anonymous_1)
FNDA:3,(anonymous_2)
FNDA:27,(anonymous_3)
FNDA:0,handleToggleReminder
FNDA:0,(anonymous_5)
FNDA:0,handlePickerChange
FNDA:0,(anonymous_7)
FNDA:0,commitTimeChange
FNDA:0,handleExport
FNDA:0,handleImport
FNDA:0,handleDeleteAll
FNDA:0,(anonymous_12)
FNDA:0,(anonymous_13)
FNDA:9,(anonymous_14)
FNDA:0,(anonymous_15)
FNDA:0,(anonymous_16)
FNDA:0,(anonymous_17)
FNDA:0,(anonymous_18)
FNDA:0,(anonymous_19)
FNDA:0,(anonymous_20)
FNDA:0,(anonymous_21)
FNDA:0,(anonymous_22)
DA:32,1
DA:33,1
DA:36,3
DA:37,3
DA:38,3
DA:50,3
DA:52,3
DA:53,3
DA:55,3
DA:56,3
DA:57,3
DA:58,3
DA:59,3
DA:62,3
DA:63,3
DA:64,3
DA:65,3
DA:66,3
DA:69,27
DA:72,0
DA:73,0
DA:74,0
DA:75,0
DA:79,0
DA:82,0
DA:84,0
DA:85,0
DA:87,0
DA:88,0
DA:93,0
DA:94,0
DA:95,0
DA:96,0
DA:98,0
DA:99,0
DA:100,0
DA:101,0
DA:102,0
DA:106,0
DA:111,0
DA:112,0
DA:113,0
DA:114,0
DA:115,0
DA:120,0
DA:121,0
DA:123,0
DA:128,0
DA:129,0
DA:130,0
DA:131,0
DA:132,0
DA:134,0
DA:135,0
DA:140,0
DA:146,0
DA:147,0
DA:148,0
DA:154,3
DA:210,3
DA:216,3
DA:243,0
DA:244,0
DA:267,9
DA:270,0
DA:343,0
DA:352,0
DA:362,0
DA:383,0
DA:392,0
DA:401,0
DA:411,0
LF:72
LH:23
BRDA:72,0,0,0
BRDA:72,0,1,0
BRDA:74,1,0,0
BRDA:74,1,1,0
BRDA:93,2,0,0
BRDA:93,2,1,0
BRDA:96,3,0,0
BRDA:96,3,1,0
BRDA:101,4,0,0
BRDA:101,4,1,0
BRDA:113,5,0,0
BRDA:113,5,1,0
BRDA:130,6,0,0
BRDA:130,6,1,0
BRDA:130,7,0,0
BRDA:130,7,1,0
BRDA:134,8,0,0
BRDA:134,8,1,0
BRDA:239,9,0,3
BRDA:239,9,1,0
BRDA:269,10,0,9
BRDA:269,10,1,3
BRDA:276,11,0,9
BRDA:276,11,1,3
BRDA:379,12,0,3
BRDA:379,12,1,3
BRDA:421,13,0,3
BRDA:421,13,1,0
BRDA:450,14,0,0
BRDA:450,14,1,0
BRF:30
BRH:8
end_of_record
TN:
SF:src\core\components\EmotionPicker.tsx
FN:35,EmotionPicker
FN:37,(anonymous_1)
FN:39,toggle
FN:41,(anonymous_3)
FN:49,(anonymous_4)
FN:59,(anonymous_5)
FNF:6
FNH:6
FNDA:3,EmotionPicker
FNDA:1,(anonymous_1)
FNDA:2,toggle
FNDA:1,(anonymous_3)
FNDA:60,(anonymous_4)
FNDA:2,(anonymous_5)
DA:7,2
DA:36,3
DA:37,3
DA:40,2
DA:41,1
DA:43,1
DA:47,3
DA:50,60
DA:51,60
DA:59,2
DA:70,2
LF:11
LH:11
BRDA:40,0,0,1
BRDA:40,0,1,1
BRDA:57,1,0,60
BRDA:57,1,1,1
BRDA:62,2,0,60
BRDA:62,2,1,1
BRF:6
BRH:6
end_of_record
TN:
SF:src\core\components\IntensitySlider.tsx
FN:14,IntensitySlider
FNF:1
FNH:1
FNDA:26,IntensitySlider
DA:15,26
DA:16,26
DA:41,3
LF:3
LH:3
BRDA:19,0,0,0
BRDA:19,0,1,26
BRDA:22,1,0,25
BRDA:22,1,1,1
BRF:4
BRH:3
end_of_record
TN:
SF:src\core\components\SearchBar.tsx
FN:12,SearchBar
FNF:1
FNH:1
FNDA:30,SearchBar
DA:17,30
DA:18,30
DA:37,4
LF:3
LH:3
BRDA:15,0,0,0
BRF:1
BRH:0
end_of_record
TN:
SF:src\core\components\StepHelper.tsx
FN:13,StepHelper
FN:31,(anonymous_1)
FN:31,(anonymous_2)
FNF:3
FNH:3
FNDA:103,StepHelper
FNDA:5,(anonymous_1)
FNDA:5,(anonymous_2)
DA:18,103
DA:19,103
DA:21,103
DA:31,5
DA:47,4
LF:5
LH:5
BRDA:15,0,0,86
BRDA:16,1,0,86
BRDA:23,2,0,103
BRDA:23,2,1,4
BRDA:30,3,0,103
BRDA:30,3,1,4
BRDA:37,4,0,4
BRDA:37,4,1,99
BRF:8
BRH:8
end_of_record
TN:
SF:src\core\components\StepProgress.tsx
FN:11,StepProgress
FN:15,(anonymous_1)
FNF:2
FNH:2
FNDA:93,StepProgress
FNDA:332,(anonymous_1)
DA:12,93
DA:13,93
DA:16,332
DA:17,332
DA:18,332
DA:19,332
DA:20,332
DA:26,3
LF:8
LH:8
BRDA:18,0,0,50
BRDA:18,0,1,282
BRDA:19,1,0,93
BRDA:19,1,1,239
BRF:4
BRH:4
end_of_record
TN:
SF:src\core\data\export.ts
FN:6,exportData
FNF:1
FNH:1
FNDA:1,exportData
DA:7,1
DA:14,1
DA:21,1
DA:29,1
DA:31,1
DA:40,1
DA:41,1
DA:42,1
LF:8
LH:8
BRF:0
BRH:0
end_of_record
TN:
SF:src\core\data\import.ts
FN:40,validateExportFile
FN:69,importData
FN:116,(anonymous_2)
FNF:3
FNH:3
FNDA:16,validateExportFile
FNDA:6,importData
FNDA:4,(anonymous_2)
DA:41,16
DA:42,15
DA:43,15
DA:44,13
DA:45,12
DA:46,11
DA:47,1
DA:48,10
DA:50,10
DA:53,10
DA:54,9
DA:55,9
DA:56,8
DA:57,8
DA:58,8
DA:60,8
DA:61,8
DA:62,8
DA:63,7
DA:64,7
DA:66,7
DA:73,6
DA:76,6
DA:77,6
DA:79,1
DA:82,5
DA:83,5
DA:85,4
DA:91,4
DA:92,4
DA:93,4
DA:96,4
DA:97,4
DA:98,4
DA:101,4
DA:103,4
DA:104,4
DA:107,4
DA:109,4
DA:110,1
DA:113,1
DA:116,4
DA:117,4
DA:118,4
DA:119,4
DA:120,1
DA:121,1
DA:123,3
DA:124,3
DA:134,3
DA:153,3
DA:156,4
DA:157,4
DA:158,4
DA:159,1
DA:160,1
DA:162,3
DA:163,3
DA:173,3
DA:191,3
DA:194,4
DA:195,1
DA:196,1
DA:197,0
DA:198,0
DA:200,1
DA:201,1
DA:211,1
DA:223,1
DA:228,4
DA:229,0
DA:230,0
DA:231,0
DA:232,0
DA:233,0
DA:234,0
DA:235,0
DA:236,0
DA:237,0
DA:240,4
LF:80
LH:69
BRDA:41,0,0,1
BRDA:41,0,1,15
BRDA:41,1,0,16
BRDA:41,1,1,16
BRDA:43,2,0,2
BRDA:43,2,1,13
BRDA:44,3,0,1
BRDA:44,3,1,12
BRDA:45,4,0,1
BRDA:45,4,1,11
BRDA:46,5,0,1
BRDA:46,5,1,10
BRDA:46,6,0,11
BRDA:46,6,1,3
BRDA:48,7,0,2
BRDA:48,7,1,8
BRDA:53,8,0,1
BRDA:53,8,1,9
BRDA:55,9,0,1
BRDA:55,9,1,8
BRDA:55,10,0,9
BRDA:55,10,1,8
BRDA:56,11,0,0
BRDA:56,11,1,8
BRDA:56,12,0,8
BRDA:56,12,1,8
BRDA:57,13,0,8
BRDA:57,13,1,0
BRDA:58,14,0,0
BRDA:58,14,1,8
BRDA:58,15,0,8
BRDA:58,15,1,8
BRDA:61,16,0,0
BRDA:61,16,1,8
BRDA:61,17,0,8
BRDA:61,17,1,8
BRDA:62,18,0,1
BRDA:62,18,1,7
BRDA:62,19,0,8
BRDA:62,19,1,7
BRDA:63,20,0,7
BRDA:63,20,1,0
BRDA:64,21,0,0
BRDA:64,21,1,7
BRDA:64,22,0,7
BRDA:64,22,1,7
BRDA:83,23,0,1
BRDA:83,23,1,4
BRDA:101,24,0,1
BRDA:101,24,1,3
BRDA:107,25,0,1
BRDA:107,25,1,3
BRDA:109,26,0,4
BRDA:109,26,1,3
BRDA:113,27,0,0
BRDA:113,27,1,1
BRDA:119,28,0,1
BRDA:119,28,1,3
BRDA:123,29,0,3
BRDA:123,29,1,0
BRDA:130,30,0,0
BRDA:130,30,1,3
BRDA:131,31,0,0
BRDA:131,31,1,3
BRDA:139,32,0,0
BRDA:139,32,1,3
BRDA:141,33,0,0
BRDA:141,33,1,3
BRDA:144,34,0,0
BRDA:144,34,1,3
BRDA:145,35,0,0
BRDA:145,35,1,3
BRDA:146,36,0,0
BRDA:146,36,1,3
BRDA:147,37,0,0
BRDA:147,37,1,3
BRDA:148,38,0,0
BRDA:148,38,1,3
BRDA:149,39,0,0
BRDA:149,39,1,3
BRDA:150,40,0,0
BRDA:150,40,1,3
BRDA:158,41,0,1
BRDA:158,41,1,3
BRDA:162,42,0,3
BRDA:162,42,1,0
BRDA:169,43,0,0
BRDA:169,43,1,3
BRDA:170,44,0,0
BRDA:170,44,1,3
BRDA:177,45,0,0
BRDA:177,45,1,3
BRDA:179,46,0,0
BRDA:179,46,1,3
BRDA:180,47,0,0
BRDA:180,47,1,3
BRDA:181,48,0,0
BRDA:181,48,1,3
BRDA:182,49,0,0
BRDA:182,49,1,3
BRDA:183,50,0,0
BRDA:183,50,1,3
BRDA:184,51,0,0
BRDA:184,51,1,3
BRDA:185,52,0,0
BRDA:185,52,1,3
BRDA:186,53,0,0
BRDA:186,53,1,3
BRDA:187,54,0,0
BRDA:187,54,1,3
BRDA:188,55,0,0
BRDA:188,55,1,3
BRDA:194,56,0,4
BRDA:194,56,1,3
BRDA:196,57,0,0
BRDA:196,57,1,1
BRDA:200,58,0,1
BRDA:200,58,1,0
BRDA:207,59,0,0
BRDA:207,59,1,1
BRDA:208,60,0,0
BRDA:208,60,1,1
BRDA:215,61,0,1
BRDA:215,61,1,0
BRDA:216,62,0,0
BRDA:216,62,1,1
BRDA:217,63,0,0
BRDA:217,63,1,1
BRDA:218,64,0,0
BRDA:218,64,1,1
BRDA:219,65,0,0
BRDA:219,65,1,1
BRDA:220,66,0,0
BRDA:220,66,1,1
BRDA:228,67,0,0
BRDA:228,67,1,4
BRDA:228,68,0,4
BRDA:228,68,1,0
BRDA:231,69,0,0
BRDA:231,69,1,0
BRDA:232,70,0,0
BRDA:232,70,1,0
BRDA:233,71,0,0
BRDA:233,71,1,0
BRDA:233,72,0,0
BRDA:233,72,1,0
BRDA:233,72,2,0
BRDA:235,73,0,0
BRDA:235,73,1,0
BRDA:236,74,0,0
BRDA:236,74,1,0
BRDA:237,75,0,0
BRDA:237,75,1,0
BRF:153
BRH:93
end_of_record
TN:
SF:src\core\i18n\pl.ts
FNF:0
FNH:0
DA:1,1
LF:1
LH:1
BRF:0
BRH:0
end_of_record
TN:
SF:src\core\notifications\permissions.ts
FN:3,requestPermissions
FNF:1
FNH:1
FNDA:3,requestPermissions
DA:4,3
DA:5,3
LF:2
LH:2
BRF:0
BRH:0
end_of_record
TN:
SF:src\core\notifications\schedule.ts
FN:3,scheduleReminder
FN:21,cancelReminder
FNF:2
FNH:2
FNDA:2,scheduleReminder
FNDA:1,cancelReminder
DA:4,2
DA:5,2
DA:6,2
DA:8,2
DA:22,1
LF:5
LH:5
BRF:0
BRH:0
end_of_record
TN:
SF:src\core\settings\fontScale.ts
FN:9,scaledFont
FNF:1
FNH:1
FNDA:30,scaledFont
DA:3,2
DA:10,30
LF:2
LH:2
BRF:0
BRH:0
end_of_record
TN:
SF:src\core\settings\store.ts
FN:27,(anonymous_0)
FN:33,(anonymous_1)
FN:34,(anonymous_2)
FN:35,(anonymous_3)
FN:36,(anonymous_4)
FN:37,(anonymous_5)
FN:41,(anonymous_6)
FN:42,(anonymous_7)
FN:49,(anonymous_8)
FNF:9
FNH:9
FNDA:14,(anonymous_0)
FNDA:1,(anonymous_1)
FNDA:1,(anonymous_2)
FNDA:1,(anonymous_3)
FNDA:1,(anonymous_4)
FNDA:1,(anonymous_5)
FNDA:14,(anonymous_6)
FNDA:12,(anonymous_7)
FNDA:15,(anonymous_8)
DA:25,14
DA:27,14
DA:33,1
DA:34,1
DA:35,1
DA:36,1
DA:37,1
DA:41,14
DA:42,12
DA:50,15
LF:10
LH:10
BRF:0
BRH:0
end_of_record
TN:
SF:src\core\theme\index.ts
FNF:0
FNH:0
DA:1,17
DA:19,17
DA:37,17
DA:45,17
DA:52,17
DA:58,17
LF:6
LH:6
BRF:0
BRH:0
end_of_record
TN:
SF:src\core\theme\useColors.ts
FN:4,useColors
FN:5,(anonymous_1)
FNF:2
FNH:2
FNDA:412,useColors
FNDA:1223,(anonymous_1)
DA:5,1223
DA:6,412
LF:2
LH:2
BRDA:6,0,0,1
BRDA:6,0,1,411
BRF:2
BRH:2
end_of_record
TN:
SF:src\tools\abc-model\repository.ts
FN:19,rowToEntry
FN:35,createEntry
FN:38,(anonymous_2)
FN:48,getEntries
FN:58,getEntryById
FN:74,updateEntry
FN:86,(anonymous_6)
FN:128,deleteEntry
FN:129,(anonymous_8)
FN:135,insertSeedEntry
FN:157,deleteAll
FN:158,(anonymous_11)
FNF:12
FNH:12
FNDA:2,rowToEntry
FNDA:1,createEntry
FNDA:1,(anonymous_2)
FNDA:2,getEntries
FNDA:1,getEntryById
FNDA:4,updateEntry
FNDA:4,(anonymous_6)
FNDA:1,deleteEntry
FNDA:1,(anonymous_8)
FNDA:1,insertSeedEntry
FNDA:1,deleteAll
FNDA:1,(anonymous_11)
DA:20,2
DA:36,1
DA:37,1
DA:38,1
DA:39,1
DA:43,1
DA:45,1
DA:49,2
DA:55,2
DA:62,1
DA:71,1
DA:79,4
DA:81,4
DA:86,4
DA:87,4
DA:88,2
DA:108,4
DA:109,2
DA:129,1
DA:130,1
DA:131,1
DA:136,1
DA:137,1
DA:138,1
DA:143,1
DA:158,1
DA:159,1
DA:162,1
LF:28
LH:28
BRDA:71,0,0,1
BRDA:71,0,1,0
BRDA:81,1,0,4
BRDA:81,1,1,2
BRDA:81,1,2,2
BRDA:81,1,3,2
BRDA:81,1,4,2
BRDA:87,2,0,2
BRDA:87,2,1,2
BRDA:99,3,0,2
BRDA:99,3,1,0
BRDA:100,4,0,2
BRDA:100,4,1,1
BRDA:101,5,0,2
BRDA:101,5,1,2
BRDA:102,6,0,2
BRDA:102,6,1,2
BRDA:103,7,0,2
BRDA:103,7,1,2
BRDA:108,8,0,2
BRDA:108,8,1,2
BRDA:108,9,0,4
BRDA:108,9,1,2
BRDA:118,10,0,2
BRDA:118,10,1,0
BRDA:118,11,0,1
BRDA:118,11,1,1
BRDA:119,12,0,2
BRDA:119,12,1,1
BRF:29
BRH:26
end_of_record
TN:
SF:src\tools\abc-model\components\AbcGraph.tsx
FN:14,truncateNodeText
FN:30,nodeRect
FN:38,arrowPath
FN:53,AbcGraph
FNF:4
FNH:4
FNDA:13,truncateNodeText
FNDA:10,nodeRect
FNDA:26,arrowPath
FNDA:2,AbcGraph
DA:15,13
DA:16,2
DA:20,1
DA:21,1
DA:24,1
DA:25,1
DA:26,1
DA:27,1
DA:28,1
DA:31,10
DA:45,26
DA:46,26
DA:47,26
DA:48,26
DA:49,26
DA:50,26
DA:61,2
DA:62,2
DA:63,2
DA:64,2
DA:67,2
DA:75,2
DA:83,2
DA:92,2
DA:233,1
LF:25
LH:25
BRDA:14,0,0,13
BRDA:15,1,0,11
BRDA:15,1,1,2
BRDA:43,2,0,26
BRF:4
BRH:4
end_of_record
TN:
SF:src\tools\abc-model\hooks\useAbcEntries.ts
FN:6,useAbcEntries
FN:10,(anonymous_1)
FN:21,(anonymous_2)
FN:28,useAbcEntry
FN:32,(anonymous_4)
FN:38,(anonymous_5)
FNF:6
FNH:6
FNDA:6,useAbcEntries
FNDA:4,(anonymous_1)
FNDA:4,(anonymous_2)
FNDA:3,useAbcEntry
FNDA:2,(anonymous_4)
FNDA:1,(anonymous_5)
DA:7,6
DA:8,6
DA:10,6
DA:11,4
DA:12,3
DA:13,3
DA:14,3
DA:15,3
DA:17,3
DA:21,6
DA:22,4
DA:25,6
DA:29,3
DA:30,3
DA:32,3
DA:33,2
DA:34,1
DA:35,1
DA:38,1
DA:41,3
LF:20
LH:20
BRDA:11,0,0,1
BRDA:11,0,1,3
BRDA:12,1,0,2
BRDA:12,1,1,1
BRDA:33,2,0,1
BRDA:33,2,1,1
BRF:6
BRH:6
end_of_record
TN:
SF:src\tools\abc-model\i18n\pl.ts
FN:31,(anonymous_0)
FNF:1
FNH:0
FNDA:0,(anonymous_0)
DA:1,1
DA:31,0
LF:2
LH:1
BRF:0
BRH:0
end_of_record
TN:
SF:src\tools\abc-model\screens\NewAbcFlow.tsx
FN:40,NewAbcFlow
FN:56,(anonymous_1)
FN:59,(anonymous_2)
FN:75,(anonymous_3)
FN:80,(anonymous_4)
FN:81,(anonymous_5)
FN:84,(anonymous_6)
FN:102,(anonymous_7)
FN:170,Step1
FN:183,(anonymous_9)
FN:193,(anonymous_10)
FN:208,Step2
FN:221,(anonymous_12)
FN:231,(anonymous_13)
FN:241,(anonymous_14)
FNF:15
FNH:15
FNDA:29,NewAbcFlow
FNDA:8,(anonymous_1)
FNDA:8,(anonymous_2)
FNDA:7,(anonymous_3)
FNDA:5,(anonymous_4)
FNDA:5,(anonymous_5)
FNDA:5,(anonymous_6)
FNDA:3,(anonymous_7)
FNDA:10,Step1
FNDA:1,(anonymous_9)
FNDA:1,(anonymous_10)
FNDA:7,Step2
FNDA:1,(anonymous_12)
FNDA:1,(anonymous_13)
FNDA:1,(anonymous_14)
DA:25,1
DA:41,29
DA:42,29
DA:43,29
DA:44,29
DA:45,29
DA:54,29
DA:56,29
DA:57,8
DA:58,8
DA:59,8
DA:60,8
DA:61,1
DA:62,1
DA:63,1
DA:71,1
DA:74,7
DA:75,7
DA:80,29
DA:81,5
DA:84,29
DA:85,5
DA:86,5
DA:87,5
DA:88,5
DA:94,4
DA:96,1
DA:98,5
DA:102,29
DA:103,3
DA:104,3
DA:105,3
DA:106,3
DA:113,2
DA:115,1
DA:117,3
DA:121,29
DA:122,8
DA:129,21
DA:177,10
DA:183,1
DA:193,1
DA:215,7
DA:221,1
DA:231,1
DA:241,1
DA:256,1
LF:47
LH:47
BRDA:57,0,0,0
BRDA:57,0,1,8
BRDA:60,1,0,1
BRDA:60,1,1,7
BRDA:62,2,0,1
BRDA:62,2,1,0
BRDA:85,3,0,0
BRDA:85,3,1,5
BRDA:103,4,0,0
BRDA:103,4,1,3
BRDA:121,5,0,8
BRDA:121,5,1,21
BRDA:132,6,0,21
BRDA:132,6,1,0
BRDA:136,7,0,11
BRDA:136,7,1,10
BRDA:143,8,0,11
BRDA:143,8,1,10
BRDA:145,9,0,11
BRDA:145,9,1,0
BRDA:157,10,0,10
BRDA:157,10,1,0
BRDA:272,11,0,1
BRDA:272,11,1,0
BRF:24
BRH:16
end_of_record
TN:
SF:src\tools\behavioral-experiment\repository.ts
FN:26,rowToExperiment
FN:47,createExperiment
FN:64,getExperiments
FN:69,getExperimentById
FN:77,updateExperiment
FN:104,(anonymous_5)
FN:172,deleteExperiment
FN:176,insertSeedExperiment
FN:211,deleteAll
FNF:9
FNH:9
FNDA:2,rowToExperiment
FNDA:1,createExperiment
FNDA:1,getExperiments
FNDA:1,getExperimentById
FNDA:2,updateExperiment
FNDA:9,(anonymous_5)
FNDA:1,deleteExperiment
FNDA:1,insertSeedExperiment
FNDA:1,deleteAll
DA:27,2
DA:48,1
DA:49,1
DA:50,1
DA:54,1
DA:55,1
DA:58,4
DA:65,1
DA:66,1
DA:73,1
DA:74,1
DA:85,2
DA:87,2
DA:95,2
DA:104,9
DA:105,2
DA:107,2
DA:108,2
DA:109,2
DA:110,2
DA:111,2
DA:113,2
DA:153,2
DA:154,2
DA:173,1
DA:177,1
DA:178,1
DA:180,1
DA:186,1
DA:212,1
DA:213,1
LF:31
LH:31
BRDA:74,0,0,1
BRDA:74,0,1,0
BRDA:105,1,0,2
BRDA:105,1,1,0
BRDA:131,2,0,2
BRDA:131,2,1,1
BRDA:132,3,0,2
BRDA:132,3,1,2
BRDA:133,4,0,2
BRDA:133,4,1,1
BRDA:134,5,0,2
BRDA:134,5,1,2
BRDA:135,6,0,2
BRDA:135,6,1,2
BRDA:136,7,0,2
BRDA:136,7,1,1
BRDA:137,8,0,2
BRDA:137,8,1,1
BRDA:138,9,0,1
BRDA:138,9,1,1
BRDA:139,10,0,1
BRDA:139,10,1,1
BRDA:139,11,0,1
BRDA:139,11,1,0
BRDA:140,12,0,1
BRDA:140,12,1,1
BRDA:141,13,0,1
BRDA:141,13,1,1
BRDA:141,14,0,1
BRDA:141,14,1,0
BRDA:142,15,0,1
BRDA:142,15,1,1
BRDA:143,16,0,1
BRDA:143,16,1,1
BRDA:143,17,0,1
BRDA:143,17,1,0
BRDA:144,18,0,1
BRDA:144,18,1,1
BRDA:145,19,0,1
BRDA:145,19,1,1
BRDA:145,20,0,1
BRDA:145,20,1,0
BRDA:146,21,0,0
BRDA:146,21,1,2
BRDA:147,22,0,0
BRDA:147,22,1,2
BRDA:147,23,0,0
BRDA:147,23,1,0
BRDA:153,24,0,2
BRDA:153,24,1,0
BRDA:153,25,0,2
BRDA:153,25,1,1
BRDA:163,26,0,1
BRDA:163,26,1,1
BRDA:163,27,0,1
BRDA:163,27,1,0
BRDA:164,28,0,2
BRDA:164,28,1,0
BRF:58
BRH:45
end_of_record
TN:
SF:src\tools\behavioral-experiment\hooks\useBehavioralExperiments.ts
FN:6,useBehavioralExperiments
FN:10,(anonymous_1)
FN:24,useBehavioralExperiment
FN:28,(anonymous_3)
FN:34,(anonymous_4)
FNF:5
FNH:5
FNDA:7,useBehavioralExperiments
FNDA:4,(anonymous_1)
FNDA:5,useBehavioralExperiment
FNDA:3,(anonymous_3)
FNDA:2,(anonymous_4)
DA:7,7
DA:8,7
DA:10,7
DA:11,4
DA:12,3
DA:13,3
DA:14,3
DA:15,3
DA:17,3
DA:21,7
DA:25,5
DA:26,5
DA:28,5
DA:29,3
DA:30,2
DA:31,2
DA:34,2
DA:37,5
LF:18
LH:18
BRDA:11,0,0,1
BRDA:11,0,1,3
BRDA:12,1,0,2
BRDA:12,1,1,1
BRDA:29,2,0,1
BRDA:29,2,1,2
BRF:6
BRH:6
end_of_record
TN:
SF:src\tools\behavioral-experiment\i18n\pl.ts
FN:10,(anonymous_0)
FNF:1
FNH:1
FNDA:1,(anonymous_0)
DA:1,2
DA:10,1
LF:2
LH:2
BRF:0
BRH:0
end_of_record
TN:
SF:src\tools\behavioral-experiment\screens\ExperimentListScreen.tsx
FN:15,ExperimentListScreen
FN:22,(anonymous_1)
FN:28,(anonymous_2)
FN:30,(anonymous_3)
FN:41,(anonymous_4)
FN:46,(anonymous_5)
FN:55,(anonymous_6)
FN:90,(anonymous_7)
FN:93,(anonymous_8)
FN:119,(anonymous_9)
FN:126,(anonymous_10)
FNF:11
FNH:11
FNDA:10,ExperimentListScreen
FNDA:10,(anonymous_1)
FNDA:10,(anonymous_2)
FNDA:3,(anonymous_3)
FNDA:8,(anonymous_4)
FNDA:8,(anonymous_5)
FNDA:1,(anonymous_6)
FNDA:10,(anonymous_7)
FNDA:3,(anonymous_8)
FNDA:14,(anonymous_9)
FNDA:1,(anonymous_10)
DA:16,10
DA:17,10
DA:18,10
DA:19,10
DA:21,10
DA:23,10
DA:28,10
DA:29,10
DA:30,3
DA:31,3
DA:32,3
DA:33,3
DA:40,10
DA:41,8
DA:45,10
DA:48,8
DA:52,8
DA:55,1
DA:90,10
DA:91,10
DA:92,2
DA:93,3
DA:96,10
DA:98,10
DA:99,10
DA:101,10
DA:119,14
DA:126,1
DA:135,1
LF:29
LH:29
BRDA:29,0,0,7
BRDA:29,0,1,3
BRDA:29,1,0,10
BRDA:29,1,1,10
BRDA:48,2,0,0
BRDA:48,2,1,8
BRDA:48,3,0,8
BRDA:48,3,1,2
BRDA:60,4,0,1
BRDA:60,4,1,7
BRDA:66,5,0,1
BRDA:66,5,1,6
BRDA:83,6,0,0
BRDA:83,6,1,8
BRDA:91,7,0,8
BRDA:91,7,1,2
BRDA:96,8,0,0
BRDA:96,8,1,10
BRDA:99,9,0,10
BRDA:99,9,1,4
BRDA:104,10,0,4
BRDA:104,10,1,6
BRDA:107,11,0,1
BRDA:107,11,1,3
BRF:24
BRH:21
end_of_record
TN:
SF:src\tools\behavioral-experiment\screens\NewExperimentFlow.tsx
FN:52,todayIso
FN:56,NewExperimentFlow
FN:81,(anonymous_2)
FN:83,(anonymous_3)
FN:87,(anonymous_4)
FN:100,(anonymous_5)
FN:102,(anonymous_6)
FN:110,(anonymous_7)
FN:123,(anonymous_8)
FN:166,(anonymous_9)
FN:169,(anonymous_10)
FN:175,(anonymous_11)
FN:177,(anonymous_12)
FN:183,(anonymous_13)
FN:184,(anonymous_14)
FN:187,(anonymous_15)
FN:188,(anonymous_16)
FN:238,renderPlanStep
FN:250,(anonymous_18)
FN:260,(anonymous_19)
FN:271,(anonymous_20)
FN:287,(anonymous_21)
FN:303,(anonymous_22)
FN:318,(anonymous_23)
FN:329,renderResultStep
FN:342,(anonymous_25)
FN:355,(anonymous_26)
FN:364,(anonymous_27)
FN:382,(anonymous_28)
FN:387,(anonymous_29)
FN:397,(anonymous_30)
FNF:31
FNH:22
FNDA:126,todayIso
FNDA:75,NewExperimentFlow
FNDA:70,(anonymous_2)
FNDA:53,(anonymous_3)
FNDA:51,(anonymous_4)
FNDA:70,(anonymous_5)
FNDA:17,(anonymous_6)
FNDA:72,(anonymous_7)
FNDA:8,(anonymous_8)
FNDA:8,(anonymous_9)
FNDA:7,(anonymous_10)
FNDA:0,(anonymous_11)
FNDA:0,(anonymous_12)
FNDA:4,(anonymous_13)
FNDA:4,(anonymous_14)
FNDA:2,(anonymous_15)
FNDA:2,(anonymous_16)
FNDA:22,renderPlanStep
FNDA:2,(anonymous_18)
FNDA:0,(anonymous_19)
FNDA:1,(anonymous_20)
FNDA:1,(anonymous_21)
FNDA:0,(anonymous_22)
FNDA:0,(anonymous_23)
FNDA:50,renderResultStep
FNDA:0,(anonymous_25)
FNDA:0,(anonymous_26)
FNDA:1,(anonymous_27)
FNDA:0,(anonymous_28)
FNDA:0,(anonymous_29)
FNDA:1,(anonymous_30)
DA:49,1
DA:50,1
DA:53,126
DA:57,75
DA:58,75
DA:59,75
DA:60,75
DA:61,75
DA:63,75
DA:72,75
DA:81,75
DA:82,70
DA:83,53
DA:84,53
DA:85,53
DA:86,53
DA:87,53
DA:96,53
DA:100,75
DA:101,70
DA:102,17
DA:103,17
DA:104,17
DA:108,75
DA:110,75
DA:111,72
DA:112,22
DA:113,12
DA:114,7
DA:115,4
DA:117,50
DA:118,18
DA:119,7
DA:123,75
DA:124,8
DA:125,8
DA:127,8
DA:128,5
DA:129,5
DA:130,2
DA:131,2
DA:133,5
DA:134,1
DA:136,5
DA:137,1
DA:139,5
DA:140,1
DA:142,5
DA:143,0
DA:144,0
DA:146,5
DA:148,3
DA:149,3
DA:150,1
DA:151,1
DA:153,3
DA:154,1
DA:155,1
DA:157,3
DA:158,1
DA:159,1
DA:160,1
DA:162,3
DA:166,75
DA:167,8
DA:168,8
DA:169,7
DA:171,1
DA:175,75
DA:176,0
DA:177,0
DA:179,0
DA:183,75
DA:184,4
DA:187,75
DA:188,2
DA:191,75
DA:192,3
DA:199,72
DA:200,72
DA:202,72
DA:243,22
DA:244,10
DA:250,2
DA:260,0
DA:264,12
DA:265,5
DA:271,1
DA:280,7
DA:281,3
DA:287,1
DA:296,4
DA:297,2
DA:303,0
DA:312,2
DA:318,0
DA:334,50
DA:335,32
DA:336,32
DA:342,0
DA:356,0
DA:357,0
DA:364,1
DA:374,18
DA:375,7
DA:382,0
DA:387,0
DA:391,11
DA:397,1
DA:408,1
LF:110
LH:97
BRDA:58,0,0,75
BRDA:58,0,1,22
BRDA:82,1,0,17
BRDA:82,1,1,53
BRDA:82,2,0,70
BRDA:82,2,1,53
BRDA:85,3,0,53
BRDA:85,3,1,0
BRDA:89,4,0,51
BRDA:89,4,1,51
BRDA:90,5,0,51
BRDA:90,5,1,51
BRDA:91,6,0,51
BRDA:91,6,1,51
BRDA:92,7,0,51
BRDA:92,7,1,51
BRDA:93,8,0,51
BRDA:93,8,1,51
BRDA:101,9,0,53
BRDA:101,9,1,17
BRDA:108,10,0,22
BRDA:108,10,1,53
BRDA:111,11,0,22
BRDA:111,11,1,50
BRDA:112,12,0,10
BRDA:112,12,1,12
BRDA:113,13,0,5
BRDA:113,13,1,7
BRDA:114,14,0,3
BRDA:114,14,1,4
BRDA:117,15,0,32
BRDA:117,15,1,18
BRDA:118,16,0,11
BRDA:118,16,1,7
BRDA:124,17,0,0
BRDA:124,17,1,8
BRDA:125,18,0,5
BRDA:125,18,1,3
BRDA:127,19,0,5
BRDA:127,19,1,3
BRDA:129,20,0,2
BRDA:129,20,1,3
BRDA:133,21,0,1
BRDA:133,21,1,4
BRDA:136,22,0,1
BRDA:136,22,1,4
BRDA:139,23,0,1
BRDA:139,23,1,4
BRDA:142,24,0,0
BRDA:142,24,1,5
BRDA:149,25,0,1
BRDA:149,25,1,2
BRDA:153,26,0,1
BRDA:153,26,1,2
BRDA:157,27,0,1
BRDA:157,27,1,2
BRDA:168,28,0,7
BRDA:168,28,1,1
BRDA:176,29,0,0
BRDA:176,29,1,0
BRDA:191,30,0,3
BRDA:191,30,1,72
BRDA:205,31,0,72
BRDA:205,31,1,0
BRDA:210,32,0,72
BRDA:210,32,1,22
BRDA:211,33,0,72
BRDA:211,33,1,50
BRDA:215,34,0,72
BRDA:215,34,1,30
BRDA:221,35,0,72
BRDA:221,35,1,55
BRDA:221,36,0,72
BRDA:221,36,1,13
BRDA:227,37,0,72
BRDA:227,37,1,55
BRDA:230,38,0,13
BRDA:230,38,1,59
BRDA:243,39,0,10
BRDA:243,39,1,12
BRDA:264,40,0,5
BRDA:264,40,1,7
BRDA:280,41,0,3
BRDA:280,41,1,4
BRDA:296,42,0,2
BRDA:296,42,1,2
BRDA:334,43,0,32
BRDA:334,43,1,18
BRDA:349,44,0,32
BRDA:349,44,1,0
BRDA:357,45,0,0
BRDA:357,45,1,0
BRDA:374,46,0,7
BRDA:374,46,1,11
BRF:94
BRH:85
end_of_record
TN:
SF:src\tools\thought-record\repository.ts
FN:22,rowToRecord
FN:41,createRecord
FN:52,getRecords
FN:62,getRecordById
FN:78,updateRecord
FN:141,deleteRecord
FN:145,insertSeedRecord
FN:179,deleteAll
FNF:8
FNH:8
FNDA:4,rowToRecord
FNDA:1,createRecord
FNDA:2,getRecords
FNDA:3,getRecordById
FNDA:4,updateRecord
FNDA:1,deleteRecord
FNDA:1,insertSeedRecord
FNDA:1,deleteAll
DA:23,4
DA:42,1
DA:43,1
DA:44,1
DA:48,1
DA:49,1
DA:53,2
DA:59,2
DA:66,3
DA:75,3
DA:83,4
DA:84,4
DA:94,2
DA:122,4
DA:123,2
DA:142,1
DA:146,1
DA:147,1
DA:149,1
DA:155,1
DA:161,1
DA:180,1
DA:181,1
LF:23
LH:23
BRDA:75,0,0,2
BRDA:75,0,1,1
BRDA:84,1,0,2
BRDA:84,1,1,2
BRDA:85,2,0,4
BRDA:85,2,1,3
BRDA:85,2,2,2
BRDA:85,2,3,2
BRDA:85,2,4,2
BRDA:85,2,5,2
BRDA:85,2,6,2
BRDA:85,2,7,2
BRDA:108,3,0,2
BRDA:108,3,1,0
BRDA:109,4,0,2
BRDA:109,4,1,2
BRDA:110,5,0,2
BRDA:110,5,1,2
BRDA:111,6,0,1
BRDA:111,6,1,1
BRDA:112,7,0,2
BRDA:112,7,1,1
BRDA:113,8,0,2
BRDA:113,8,1,2
BRDA:114,9,0,2
BRDA:114,9,1,2
BRDA:115,10,0,2
BRDA:115,10,1,2
BRDA:116,11,0,2
BRDA:116,11,1,2
BRDA:117,12,0,2
BRDA:117,12,1,2
BRDA:122,13,0,2
BRDA:122,13,1,2
BRDA:122,14,0,4
BRDA:122,14,1,2
BRDA:132,15,0,2
BRDA:132,15,1,0
BRDA:132,16,0,2
BRDA:132,16,1,0
BRDA:133,17,0,2
BRDA:133,17,1,1
BRF:42
BRH:39
end_of_record
TN:
SF:src\tools\thought-record\components\TextStep.tsx
FN:15,TextStep
FNF:1
FNH:1
FNDA:9,TextStep
DA:16,9
DA:17,9
DA:33,1
LF:3
LH:3
BRDA:15,0,0,0
BRDA:24,1,0,9
BRDA:24,1,1,0
BRF:3
BRH:1
end_of_record
TN:
SF:src\tools\thought-record\hooks\useThoughtRecords.ts
FN:6,useThoughtRecords
FN:10,(anonymous_1)
FN:24,useThoughtRecord
FN:28,(anonymous_3)
FN:34,(anonymous_4)
FNF:5
FNH:5
FNDA:7,useThoughtRecords
FNDA:4,(anonymous_1)
FNDA:5,useThoughtRecord
FNDA:3,(anonymous_3)
FNDA:2,(anonymous_4)
DA:7,7
DA:8,7
DA:10,7
DA:11,4
DA:12,3
DA:13,3
DA:14,3
DA:15,3
DA:17,3
DA:21,7
DA:25,5
DA:26,5
DA:28,5
DA:29,3
DA:30,2
DA:31,2
DA:34,2
DA:37,5
LF:18
LH:18
BRDA:11,0,0,1
BRDA:11,0,1,3
BRDA:12,1,0,2
BRDA:12,1,1,1
BRDA:29,2,0,1
BRDA:29,2,1,2
BRF:6
BRH:6
end_of_record
TN:
SF:src\tools\thought-record\i18n\pl.ts
FN:61,(anonymous_0)
FNF:1
FNH:1
FNDA:1,(anonymous_0)
DA:1,7
DA:61,1
LF:2
LH:2
BRF:0
BRH:0
end_of_record
TN:
SF:src\tools\thought-record\screens\CompareScreen.tsx
FN:25,CompareScreen
FN:50,(anonymous_1)
FN:67,(anonymous_2)
FN:67,(anonymous_3)
FN:77,(anonymous_4)
FN:77,(anonymous_5)
FN:89,ColPanel
FN:98,ColText
FN:102,CompactEmotionBars
FN:105,(anonymous_9)
FN:151,LeftColumn
FN:186,RightColumn
FNF:12
FNH:12
FNDA:17,CompareScreen
FNDA:60,(anonymous_1)
FNDA:1,(anonymous_2)
FNDA:1,(anonymous_3)
FNDA:7,(anonymous_4)
FNDA:7,(anonymous_5)
FNDA:30,ColPanel
FNDA:21,ColText
FNDA:12,CompactEmotionBars
FNDA:12,(anonymous_9)
FNDA:15,LeftColumn
FNDA:15,RightColumn
DA:21,2
DA:23,2
DA:26,17
DA:27,17
DA:28,17
DA:30,17
DA:31,1
DA:37,16
DA:38,1
DA:45,15
DA:51,60
DA:67,1
DA:77,7
DA:90,30
DA:99,21
DA:103,12
DA:106,12
DA:152,15
DA:154,8
DA:160,4
DA:166,2
DA:172,1
DA:182,0
DA:187,15
DA:189,8
DA:195,4
DA:201,2
DA:211,1
DA:217,0
DA:221,2
LF:30
LH:28
BRDA:30,0,0,1
BRDA:30,0,1,16
BRDA:37,1,0,1
BRDA:37,1,1,15
BRDA:51,2,0,60
BRDA:51,2,1,15
BRDA:66,3,0,15
BRDA:66,3,1,8
BRDA:76,4,0,15
BRDA:76,4,1,1
BRDA:99,5,0,21
BRDA:99,5,1,0
BRDA:109,6,0,12
BRDA:109,6,1,0
BRDA:109,7,0,12
BRDA:109,7,1,12
BRDA:127,8,0,12
BRDA:127,8,1,12
BRDA:152,9,0,8
BRDA:152,9,1,4
BRDA:152,9,2,2
BRDA:152,9,3,1
BRDA:152,9,4,0
BRDA:187,10,0,8
BRDA:187,10,1,4
BRDA:187,10,2,2
BRDA:187,10,3,1
BRDA:187,10,4,0
BRF:28
BRH:24
end_of_record
TN:
SF:src\tools\thought-record\screens\NewRecordFlow.tsx
FN:45,todayIso
FN:90,Step1Situation
FN:106,(anonymous_2)
FN:111,(anonymous_3)
FN:120,(anonymous_4)
FN:130,Step2Emotions
FN:147,(anonymous_6)
FN:152,(anonymous_7)
FN:157,(anonymous_8)
FN:160,(anonymous_9)
FN:171,Step7Outcome
FN:181,(anonymous_11)
FN:186,(anonymous_12)
FN:189,(anonymous_13)
FN:199,(anonymous_14)
FN:210,renderStep
FN:227,(anonymous_16)
FN:239,(anonymous_17)
FN:251,(anonymous_18)
FN:263,(anonymous_19)
FN:280,NewRecordFlow
FN:301,(anonymous_21)
FN:303,(anonymous_22)
FN:304,(anonymous_23)
FN:309,(anonymous_24)
FN:313,(anonymous_25)
FN:315,(anonymous_26)
FN:328,(anonymous_27)
FN:331,(anonymous_28)
FN:332,(anonymous_29)
FN:335,persistCurrentStep
FN:355,goNext
FN:375,(anonymous_32)
FN:379,goBack
FN:385,(anonymous_34)
FN:389,renderNextContent
FNF:36
FNH:10
FNDA:22,todayIso
FNDA:9,Step1Situation
FNDA:0,(anonymous_2)
FNDA:0,(anonymous_3)
FNDA:0,(anonymous_4)
FNDA:0,Step2Emotions
FNDA:0,(anonymous_6)
FNDA:0,(anonymous_7)
FNDA:0,(anonymous_8)
FNDA:0,(anonymous_9)
FNDA:0,Step7Outcome
FNDA:0,(anonymous_11)
FNDA:0,(anonymous_12)
FNDA:0,(anonymous_13)
FNDA:0,(anonymous_14)
FNDA:9,renderStep
FNDA:0,(anonymous_16)
FNDA:0,(anonymous_17)
FNDA:0,(anonymous_18)
FNDA:0,(anonymous_19)
FNDA:12,NewRecordFlow
FNDA:12,(anonymous_21)
FNDA:0,(anonymous_22)
FNDA:0,(anonymous_23)
FNDA:12,(anonymous_24)
FNDA:11,(anonymous_25)
FNDA:10,(anonymous_26)
FNDA:11,(anonymous_27)
FNDA:0,(anonymous_28)
FNDA:0,(anonymous_29)
FNDA:0,persistCurrentStep
FNDA:0,goNext
FNDA:0,(anonymous_32)
FNDA:0,goBack
FNDA:0,(anonymous_34)
FNDA:9,renderNextContent
DA:31,1
DA:46,22
DA:49,1
DA:97,9
DA:98,9
DA:99,9
DA:101,9
DA:106,0
DA:111,0
DA:121,0
DA:122,0
DA:139,0
DA:147,0
DA:153,0
DA:158,0
DA:160,0
DA:178,0
DA:182,0
DA:187,0
DA:189,0
DA:199,0
DA:216,9
DA:218,9
DA:220,0
DA:222,0
DA:227,0
DA:234,0
DA:239,0
DA:246,0
DA:251,0
DA:258,0
DA:263,0
DA:270,0
DA:272,0
DA:281,12
DA:282,12
DA:283,12
DA:284,12
DA:285,12
DA:296,12
DA:297,12
DA:298,12
DA:301,12
DA:302,12
DA:303,0
DA:304,0
DA:309,12
DA:310,12
DA:311,12
DA:314,11
DA:315,11
DA:328,11
DA:331,12
DA:332,0
DA:336,0
DA:337,0
DA:338,0
DA:339,0
DA:351,0
DA:356,0
DA:357,0
DA:358,0
DA:359,0
DA:361,0
DA:363,0
DA:364,0
DA:365,0
DA:366,0
DA:367,0
DA:369,0
DA:371,0
DA:374,0
DA:375,0
DA:376,0
DA:380,0
DA:381,0
DA:382,0
DA:384,0
DA:385,0
DA:386,0
DA:390,9
DA:391,9
DA:392,0
DA:399,9
DA:407,12
DA:408,3
DA:415,9
DA:416,0
DA:423,9
DA:460,1
LF:90
LH:34
BRDA:115,0,0,9
BRDA:115,0,1,0
BRDA:122,1,0,0
BRDA:122,1,1,0
BRDA:142,2,0,0
BRDA:142,2,1,0
BRDA:149,3,0,0
BRDA:149,3,1,0
BRDA:160,4,0,0
BRDA:160,4,1,0
BRDA:185,5,0,0
BRDA:185,5,1,0
BRDA:189,6,0,0
BRDA:189,6,1,0
BRDA:216,7,0,9
BRDA:216,7,1,0
BRDA:216,7,2,0
BRDA:216,7,3,0
BRDA:216,7,4,0
BRDA:216,7,5,0
BRDA:216,7,6,0
BRDA:216,7,7,0
BRDA:286,8,0,12
BRDA:286,8,1,0
BRDA:302,9,0,12
BRDA:302,9,1,0
BRDA:310,10,0,0
BRDA:310,10,1,12
BRDA:314,11,0,0
BRDA:314,11,1,11
BRDA:319,12,0,10
BRDA:319,12,1,10
BRDA:325,13,0,10
BRDA:325,13,1,10
BRDA:336,14,0,0
BRDA:336,14,1,0
BRDA:341,15,0,0
BRDA:341,15,1,0
BRDA:347,16,0,0
BRDA:347,16,1,0
BRDA:356,17,0,0
BRDA:356,17,1,0
BRDA:356,18,0,0
BRDA:356,18,1,0
BRDA:363,19,0,0
BRDA:363,19,1,0
BRDA:366,20,0,0
BRDA:366,20,1,0
BRDA:380,21,0,0
BRDA:380,21,1,0
BRDA:390,22,0,0
BRDA:390,22,1,9
BRDA:391,23,0,0
BRDA:391,23,1,9
BRDA:407,24,0,3
BRDA:407,24,1,9
BRDA:415,25,0,0
BRDA:415,25,1,9
BRDA:426,26,0,9
BRDA:426,26,1,0
BRDA:439,27,0,9
BRDA:439,27,1,0
BRDA:449,28,0,9
BRDA:449,28,1,0
BRF:64
BRH:18
end_of_record
TN:
SF:src\tools\thought-record\screens\RecordDetailScreen.tsx
FN:27,RecordDetailScreen
FN:31,(anonymous_1)
FN:40,(anonymous_2)
FN:101,(anonymous_3)
FN:116,(anonymous_4)
FN:139,(anonymous_5)
FN:145,(anonymous_6)
FN:161,(anonymous_7)
FN:179,EmotionRow
FN:198,IntensityBar
FNF:10
FNH:10
FNDA:10,RecordDetailScreen
FNDA:2,(anonymous_1)
FNDA:1,(anonymous_2)
FNDA:1,(anonymous_3)
FNDA:1,(anonymous_4)
FNDA:5,(anonymous_5)
FNDA:48,(anonymous_6)
FNDA:1,(anonymous_7)
FNDA:5,EmotionRow
FNDA:8,IntensityBar
DA:28,10
DA:29,10
DA:31,10
DA:32,2
DA:41,1
DA:42,1
DA:43,1
DA:45,0
DA:53,10
DA:54,1
DA:61,9
DA:62,1
DA:69,8
DA:73,8
DA:82,8
DA:101,1
DA:116,1
DA:139,5
DA:146,48
DA:161,1
DA:180,5
DA:181,5
DA:182,5
DA:184,5
DA:207,8
DA:226,2
LF:26
LH:25
BRDA:53,0,0,1
BRDA:53,0,1,9
BRDA:61,1,0,1
BRDA:61,1,1,8
BRDA:69,2,0,3
BRDA:69,2,1,5
BRDA:79,3,0,8
BRDA:79,3,1,3
BRDA:88,4,0,7
BRDA:88,4,1,1
BRDA:136,5,0,3
BRDA:136,5,1,5
BRDA:150,6,0,48
BRDA:150,6,1,15
BRDA:151,7,0,48
BRDA:151,7,1,15
BRDA:154,8,0,48
BRDA:154,8,1,40
BRDA:182,9,0,5
BRDA:182,9,1,3
BRDA:188,10,0,5
BRDA:188,10,1,3
BRDA:192,11,0,5
BRDA:192,11,1,3
BRDA:216,12,0,3
BRDA:216,12,1,5
BRF:26
BRH:26
end_of_record
TN:
SF:src\tools\thought-record\screens\RecordListScreen.tsx
FN:18,RecordListScreen
FN:25,(anonymous_1)
FN:31,(anonymous_2)
FN:33,(anonymous_3)
FN:47,(anonymous_4)
FN:51,(anonymous_5)
FN:53,(anonymous_6)
FN:58,(anonymous_7)
FN:63,(anonymous_8)
FN:64,(anonymous_9)
FN:68,(anonymous_10)
FN:98,(anonymous_11)
FN:142,(anonymous_12)
FN:150,(anonymous_13)
FNF:14
FNH:14
FNDA:17,RecordListScreen
FNDA:17,(anonymous_1)
FNDA:17,(anonymous_2)
FNDA:6,(anonymous_3)
FNDA:17,(anonymous_4)
FNDA:8,(anonymous_5)
FNDA:6,(anonymous_6)
FNDA:16,(anonymous_7)
FNDA:16,(anonymous_8)
FNDA:15,(anonymous_9)
FNDA:1,(anonymous_10)
FNDA:15,(anonymous_11)
FNDA:26,(anonymous_12)
FNDA:1,(anonymous_13)
DA:16,2
DA:19,17
DA:20,17
DA:21,17
DA:22,17
DA:24,17
DA:26,17
DA:31,17
DA:32,17
DA:33,6
DA:34,6
DA:35,6
DA:36,6
DA:37,2
DA:38,2
DA:39,2
DA:47,17
DA:48,17
DA:49,4
DA:50,4
DA:52,8
DA:53,6
DA:57,17
DA:58,16
DA:62,17
DA:64,16
DA:65,16
DA:68,1
DA:99,15
DA:118,17
DA:120,17
DA:121,17
DA:123,17
DA:142,26
DA:150,1
DA:159,2
LF:36
LH:36
BRDA:32,0,0,11
BRDA:32,0,1,6
BRDA:36,1,0,4
BRDA:36,1,1,2
BRDA:48,2,0,13
BRDA:48,2,1,4
BRDA:52,3,0,8
BRDA:52,3,1,6
BRDA:73,4,0,0
BRDA:73,4,1,16
BRDA:79,5,0,16
BRDA:79,5,1,0
BRDA:89,6,0,16
BRDA:89,6,1,0
BRDA:96,7,0,16
BRDA:96,7,1,15
BRDA:103,8,0,15
BRDA:103,8,1,0
BRDA:118,9,0,0
BRDA:118,9,1,17
BRDA:121,10,0,17
BRDA:121,10,1,7
BRDA:127,11,0,7
BRDA:127,11,1,10
BRDA:130,12,0,1
BRDA:130,12,1,6
BRF:26
BRH:21
end_of_record
